0 verbose cli C:\Program Files\nodejs\node.exe C:\Program Files\nodejs\node_modules\npm\bin\npm-cli.js
1 info using npm@10.5.2
2 info using node@v20.13.1
3 timing npm:load:whichnode Completed in 2ms
4 timing config:load:defaults Completed in 3ms
5 timing config:load:file:C:\Program Files\nodejs\node_modules\npm\npmrc Completed in 2ms
6 timing config:load:builtin Completed in 2ms
7 timing config:load:cli Completed in 3ms
8 timing config:load:env Completed in 1ms
9 timing config:load:file:C:\Users\surya\OneDrive\Desktop\inventory\inventory_management\.npmrc Completed in 0ms
10 timing config:load:project Completed in 2ms
11 timing config:load:file:C:\Users\surya\.npmrc Completed in 1ms
12 timing config:load:user Completed in 1ms
13 timing config:load:file:C:\Users\surya\OneDrive\Desktop\inventory\inventory_management\UserssuryaAppDataRoamingnpm\etc\npmrc Completed in 0ms
14 timing config:load:global Completed in 1ms
15 timing config:load:setEnvs Completed in 1ms
16 timing config:load Completed in 14ms
17 timing npm:load:configload Completed in 14ms
18 timing config:load:flatten Completed in 5ms
19 timing npm:load:mkdirpcache Completed in 1ms
20 timing npm:load:mkdirplogs Completed in 0ms
21 verbose title npm install @mui/material @emotion/react @emotion/styled
22 verbose argv "install" "@mui/material" "@emotion/react" "@emotion/styled"
23 timing npm:load:setTitle Completed in 1ms
24 timing npm:load:display Completed in 1ms
25 verbose logfile logs-max:10 dir:C:\Users\surya\OneDrive\Desktop\inventory\inventory_management\UserssuryaAppDataLocalnpm-cache\_logs\2024-08-01T18_44_04_582Z-
26 verbose logfile C:\Users\surya\OneDrive\Desktop\inventory\inventory_management\UserssuryaAppDataLocalnpm-cache\_logs\2024-08-01T18_44_04_582Z-debug-0.log
27 timing npm:load:logFile Completed in 5ms
28 timing npm:load:timers Completed in 0ms
29 timing npm:load:configScope Completed in 0ms
30 timing npm:load Completed in 68ms
31 timing arborist:ctor Completed in 1ms
32 silly logfile done cleaning log files
33 timing idealTree:init Completed in 170ms
34 timing idealTree:userRequests Completed in 2ms
35 silly idealTree buildDeps
36 silly fetch manifest @mui/material@*
37 timing arborist:ctor Completed in 1ms
38 http fetch GET 200 https://registry.npmjs.org/@mui%2fmaterial 383ms (cache miss)
39 silly fetch manifest @emotion/react@*
40 http fetch GET 200 https://registry.npmjs.org/@emotion%2freact 152ms (cache miss)
41 silly fetch manifest react@^18.3.1
42 http fetch GET 200 https://registry.npmjs.org/react 33ms (cache hit)
43 silly fetch manifest @emotion/styled@*
44 http fetch GET 200 https://registry.npmjs.org/@emotion%2fstyled 92ms (cache miss)
45 silly fetch manifest @types/react@^17.0.0 || ^18.0.0
46 http fetch GET 200 https://registry.npmjs.org/@types%2freact 183ms (cache miss)
47 silly fetch manifest react-dom@^18.3.1
48 http fetch GET 200 https://registry.npmjs.org/react-dom 138ms (cache hit)
49 silly placeDep ROOT @emotion/react@11.13.0 OK for: inventory_management@0.1.0 want: *
50 silly placeDep ROOT @emotion/styled@11.13.0 OK for: inventory_management@0.1.0 want: *
51 silly placeDep ROOT @mui/material@5.16.6 OK for: inventory_management@0.1.0 want: *
52 silly fetch manifest @babel/runtime@^7.18.3
53 silly fetch manifest @emotion/babel-plugin@^11.12.0
54 silly fetch manifest @emotion/cache@^11.13.0
55 silly fetch manifest @emotion/serialize@^1.3.0
56 silly fetch manifest @emotion/use-insertion-effect-with-fallbacks@^1.1.0
57 silly fetch manifest @emotion/utils@^1.4.0
58 silly fetch manifest @emotion/weak-memoize@^0.4.0
59 silly fetch manifest hoist-non-react-statics@^3.3.1
60 silly fetch manifest @emotion/is-prop-valid@^1.3.0
61 http fetch GET 200 https://registry.npmjs.org/@babel%2fruntime 164ms (cache miss)
62 http fetch GET 200 https://registry.npmjs.org/@emotion%2fuse-insertion-effect-with-fallbacks 208ms (cache miss)
63 silly fetch manifest @babel/runtime@^7.23.9
64 silly fetch manifest @popperjs/core@^2.11.8
65 http fetch GET 200 https://registry.npmjs.org/hoist-non-react-statics 221ms (cache miss)
66 silly fetch manifest @types/react-transition-group@^4.4.10
67 http fetch GET 200 https://registry.npmjs.org/@emotion%2futils 229ms (cache miss)
68 silly fetch manifest clsx@^2.1.0
69 silly fetch manifest csstype@^3.1.3
70 http fetch GET 200 https://registry.npmjs.org/@emotion%2fbabel-plugin 239ms (cache miss)
71 silly fetch manifest react-is@^18.3.1
72 silly fetch manifest react-transition-group@^4.4.5
73 http fetch GET 200 https://registry.npmjs.org/react-is 99ms (cache hit)
74 silly fetch manifest @mui/core-downloads-tracker@^5.16.6
75 http fetch GET 200 https://registry.npmjs.org/@emotion%2fis-prop-valid 364ms (cache miss)
76 silly fetch manifest @mui/system@^5.16.6
77 http fetch GET 200 https://registry.npmjs.org/@emotion%2fserialize 375ms (cache miss)
78 silly fetch manifest @mui/utils@^5.16.6
79 silly fetch manifest @mui/types@^7.2.15
80 http fetch GET 200 https://registry.npmjs.org/@emotion%2fcache 383ms (cache miss)
81 http fetch GET 200 https://registry.npmjs.org/clsx 166ms (cache miss)
82 http fetch GET 200 https://registry.npmjs.org/@emotion%2fweak-memoize 399ms (cache miss)
83 http fetch GET 200 https://registry.npmjs.org/react-transition-group 172ms (cache miss)
84 http fetch GET 200 https://registry.npmjs.org/@types%2freact-transition-group 188ms (cache miss)
85 http fetch GET 200 https://registry.npmjs.org/@popperjs%2fcore 208ms (cache miss)
86 http fetch GET 200 https://registry.npmjs.org/csstype 195ms (cache miss)
87 http fetch GET 200 https://registry.npmjs.org/@mui%2ftypes 79ms (cache miss)
88 http fetch GET 200 https://registry.npmjs.org/@mui%2fcore-downloads-tracker 99ms (cache miss)
89 http fetch GET 200 https://registry.npmjs.org/@mui%2fsystem 220ms (cache miss)
90 http fetch GET 200 https://registry.npmjs.org/@mui%2futils 228ms (cache miss)
91 timing idealTree:#root Completed in 1761ms
92 silly fetch manifest react@>=16.8.0
93 silly placeDep ROOT @babel/runtime@7.25.0 OK for: @emotion/react@11.13.0 want: ^7.18.3
94 silly placeDep ROOT @emotion/babel-plugin@11.12.0 OK for: @emotion/react@11.13.0 want: ^11.12.0
95 silly placeDep ROOT @emotion/cache@11.13.1 OK for: @emotion/react@11.13.0 want: ^11.13.0
96 silly placeDep ROOT @emotion/serialize@1.3.0 OK for: @emotion/react@11.13.0 want: ^1.3.0
97 silly placeDep ROOT @emotion/use-insertion-effect-with-fallbacks@1.1.0 OK for: @emotion/react@11.13.0 want: ^1.1.0
98 silly placeDep ROOT @emotion/utils@1.4.0 OK for: @emotion/react@11.13.0 want: ^1.4.0
99 silly placeDep ROOT @emotion/weak-memoize@0.4.0 OK for: @emotion/react@11.13.0 want: ^0.4.0
100 silly placeDep ROOT hoist-non-react-statics@3.3.2 OK for: @emotion/react@11.13.0 want: ^3.3.1
101 silly fetch manifest regenerator-runtime@^0.14.0
102 silly fetch manifest @babel/helper-module-imports@^7.16.7
103 silly fetch manifest @emotion/hash@^0.9.2
104 silly fetch manifest @emotion/memoize@^0.9.0
105 silly fetch manifest @emotion/serialize@^1.2.0
106 silly fetch manifest babel-plugin-macros@^3.1.0
107 silly fetch manifest convert-source-map@^1.5.0
108 silly fetch manifest find-root@^1.1.0
109 silly fetch manifest source-map@^0.5.7
110 silly fetch manifest stylis@4.2.0
111 silly fetch manifest @emotion/sheet@^1.4.0
112 http fetch GET 200 https://registry.npmjs.org/find-root 169ms (cache miss)
113 http fetch GET 200 https://registry.npmjs.org/@emotion%2fhash 175ms (cache miss)
114 http fetch GET 200 https://registry.npmjs.org/@emotion%2fmemoize 184ms (cache miss)
115 silly fetch manifest @emotion/unitless@^0.9.0
116 silly fetch manifest csstype@^3.0.2
117 http fetch GET 200 https://registry.npmjs.org/babel-plugin-macros 188ms (cache miss)
118 http fetch GET 200 https://registry.npmjs.org/regenerator-runtime 194ms (cache miss)
119 http fetch GET 200 https://registry.npmjs.org/convert-source-map 198ms (cache miss)
120 http fetch GET 200 https://registry.npmjs.org/source-map 205ms (cache miss)
121 http fetch GET 200 https://registry.npmjs.org/@babel%2fhelper-module-imports 216ms (cache miss)
122 http fetch GET 200 https://registry.npmjs.org/stylis 215ms (cache miss)
123 http fetch GET 200 https://registry.npmjs.org/@emotion%2fsheet 221ms (cache miss)
124 http fetch GET 200 https://registry.npmjs.org/@emotion%2funitless 73ms (cache miss)
125 timing idealTree:node_modules/@emotion/react Completed in 281ms
126 silly placeDep ROOT regenerator-runtime@0.14.1 OK for: @babel/runtime@7.25.0 want: ^0.14.0
127 timing idealTree:node_modules/@babel/runtime Completed in 1ms
128 silly placeDep ROOT @babel/helper-module-imports@7.24.7 OK for: @emotion/babel-plugin@11.12.0 want: ^7.16.7
129 silly placeDep ROOT @emotion/hash@0.9.2 OK for: @emotion/babel-plugin@11.12.0 want: ^0.9.2
130 silly placeDep ROOT @emotion/memoize@0.9.0 OK for: @emotion/babel-plugin@11.12.0 want: ^0.9.0
131 silly placeDep ROOT babel-plugin-macros@3.1.0 OK for: @emotion/babel-plugin@11.12.0 want: ^3.1.0
132 silly placeDep ROOT convert-source-map@1.9.0 OK for: @emotion/babel-plugin@11.12.0 want: ^1.5.0
133 silly placeDep ROOT find-root@1.1.0 OK for: @emotion/babel-plugin@11.12.0 want: ^1.1.0
134 silly placeDep ROOT source-map@0.5.7 OK for: @emotion/babel-plugin@11.12.0 want: ^0.5.7
135 silly placeDep ROOT stylis@4.2.0 OK for: @emotion/babel-plugin@11.12.0 want: 4.2.0
136 silly fetch manifest @babel/types@^7.24.7
137 silly fetch manifest @babel/traverse@^7.24.7
138 silly fetch manifest cosmiconfig@^7.0.0
139 http fetch GET 200 https://registry.npmjs.org/@babel%2ftypes 129ms (cache miss)
140 http fetch GET 200 https://registry.npmjs.org/cosmiconfig 212ms (cache miss)
141 http fetch GET 200 https://registry.npmjs.org/@babel%2ftraverse 221ms (cache miss)
142 timing idealTree:node_modules/@emotion/babel-plugin Completed in 236ms
143 silly placeDep ROOT @babel/traverse@7.25.3 OK for: @babel/helper-module-imports@7.24.7 want: ^7.24.7
144 silly placeDep ROOT @babel/types@7.25.2 OK for: @babel/helper-module-imports@7.24.7 want: ^7.24.7
145 silly fetch manifest @babel/code-frame@^7.24.7
146 silly fetch manifest @babel/generator@^7.25.0
147 silly fetch manifest @babel/parser@^7.25.3
148 silly fetch manifest @babel/template@^7.25.0
149 silly fetch manifest @babel/types@^7.25.2
150 silly fetch manifest globals@^11.1.0
151 silly fetch manifest @babel/helper-string-parser@^7.24.8
152 silly fetch manifest @babel/helper-validator-identifier@^7.24.7
153 silly fetch manifest to-fast-properties@^2.0.0
154 http fetch GET 200 https://registry.npmjs.org/globals 18ms (cache hit)
155 http fetch GET 200 https://registry.npmjs.org/to-fast-properties 75ms (cache miss)
156 http fetch GET 200 https://registry.npmjs.org/@babel%2fhelper-string-parser 80ms (cache miss)
157 http fetch GET 200 https://registry.npmjs.org/@babel%2fhelper-validator-identifier 93ms (cache miss)
158 http fetch GET 200 https://registry.npmjs.org/@babel%2ftemplate 101ms (cache miss)
159 http fetch GET 200 https://registry.npmjs.org/@babel%2fcode-frame 112ms (cache miss)
160 http fetch GET 200 https://registry.npmjs.org/@babel%2fgenerator 115ms (cache miss)
161 http fetch GET 200 https://registry.npmjs.org/@babel%2fparser 123ms (cache miss)
162 timing idealTree:node_modules/@babel/helper-module-imports Completed in 134ms
163 silly placeDep ROOT @babel/code-frame@7.24.7 OK for: @babel/traverse@7.25.3 want: ^7.24.7
164 silly placeDep ROOT @babel/generator@7.25.0 OK for: @babel/traverse@7.25.3 want: ^7.25.0
165 silly placeDep ROOT @babel/parser@7.25.3 OK for: @babel/traverse@7.25.3 want: ^7.25.3
166 silly placeDep ROOT @babel/template@7.25.0 OK for: @babel/traverse@7.25.3 want: ^7.25.0
167 silly placeDep node_modules/@babel/traverse globals@11.12.0 OK for: @babel/traverse@7.25.3 want: ^11.1.0
168 silly fetch manifest @babel/highlight@^7.24.7
169 silly fetch manifest jsesc@^2.5.1
170 silly fetch manifest @jridgewell/gen-mapping@^0.3.5
171 silly fetch manifest @jridgewell/trace-mapping@^0.3.25
172 http fetch GET 200 https://registry.npmjs.org/@babel%2fhighlight 49ms (cache miss)
173 http fetch GET 200 https://registry.npmjs.org/jsesc 59ms (cache miss)
174 http fetch GET 200 https://registry.npmjs.org/@jridgewell%2ftrace-mapping 83ms (cache miss)
175 http fetch GET 200 https://registry.npmjs.org/@jridgewell%2fgen-mapping 126ms (cache miss)
176 timing idealTree:node_modules/@babel/traverse Completed in 137ms
177 silly placeDep ROOT @babel/highlight@7.24.7 OK for: @babel/code-frame@7.24.7 want: ^7.24.7
178 silly fetch manifest chalk@^2.4.2
179 http fetch GET 200 https://registry.npmjs.org/chalk 82ms (cache hit)
180 timing idealTree:node_modules/@babel/code-frame Completed in 93ms
181 silly placeDep ROOT @jridgewell/gen-mapping@0.3.5 OK for: @babel/generator@7.25.0 want: ^0.3.5
182 silly placeDep ROOT @jridgewell/trace-mapping@0.3.25 OK for: @babel/generator@7.25.0 want: ^0.3.25
183 silly placeDep ROOT jsesc@2.5.2 OK for: @babel/generator@7.25.0 want: ^2.5.1
184 silly fetch manifest @jridgewell/set-array@^1.2.1
185 silly fetch manifest @jridgewell/trace-mapping@^0.3.24
186 silly fetch manifest @jridgewell/sourcemap-codec@^1.4.10
187 silly fetch manifest @jridgewell/resolve-uri@^3.1.0
188 silly fetch manifest @jridgewell/sourcemap-codec@^1.4.14
189 http fetch GET 200 https://registry.npmjs.org/@jridgewell%2fsourcemap-codec 68ms (cache miss)
190 http fetch GET 200 https://registry.npmjs.org/@jridgewell%2fsourcemap-codec 73ms (cache miss)
191 http fetch GET 200 https://registry.npmjs.org/@jridgewell%2fset-array 83ms (cache miss)
192 http fetch GET 200 https://registry.npmjs.org/@jridgewell%2fresolve-uri 101ms (cache miss)
193 timing idealTree:node_modules/@babel/generator Completed in 115ms
194 silly placeDep ROOT @babel/helper-validator-identifier@7.24.7 OK for: @babel/highlight@7.24.7 want: ^7.24.7
195 silly placeDep node_modules/@babel/highlight chalk@2.4.2 OK for: @babel/highlight@7.24.7 want: ^2.4.2
196 silly fetch manifest ansi-styles@^3.2.1
197 silly fetch manifest supports-color@^5.3.0
198 silly fetch manifest escape-string-regexp@^1.0.5
199 http fetch GET 200 https://registry.npmjs.org/escape-string-regexp 16ms (cache hit)
200 http fetch GET 200 https://registry.npmjs.org/supports-color 18ms (cache hit)
201 http fetch GET 200 https://registry.npmjs.org/ansi-styles 23ms (cache hit)
202 timing idealTree:node_modules/@babel/highlight Completed in 28ms
203 timing idealTree:node_modules/@babel/helper-validator-identifier Completed in 0ms
204 timing idealTree:node_modules/@babel/parser Completed in 0ms
205 timing idealTree:node_modules/@babel/template Completed in 0ms
206 silly placeDep ROOT @babel/helper-string-parser@7.24.8 OK for: @babel/types@7.25.2 want: ^7.24.8
207 silly placeDep ROOT to-fast-properties@2.0.0 OK for: @babel/types@7.25.2 want: ^2.0.0
208 timing idealTree:node_modules/@babel/types Completed in 3ms
209 timing idealTree:node_modules/@babel/helper-string-parser Completed in 0ms
210 silly placeDep ROOT @emotion/sheet@1.4.0 OK for: @emotion/cache@11.13.1 want: ^1.4.0
211 timing idealTree:node_modules/@emotion/cache Completed in 1ms
212 timing idealTree:node_modules/@emotion/hash Completed in 0ms
213 timing idealTree:node_modules/@emotion/memoize Completed in 0ms
214 silly placeDep ROOT @emotion/unitless@0.9.0 OK for: @emotion/serialize@1.3.0 want: ^0.9.0
215 silly placeDep ROOT csstype@3.1.3 OK for: @emotion/serialize@1.3.0 want: ^3.0.2
216 timing idealTree:node_modules/@emotion/serialize Completed in 2ms
217 timing idealTree:node_modules/@emotion/sheet Completed in 0ms
218 silly placeDep ROOT @emotion/is-prop-valid@1.3.0 OK for: @emotion/styled@11.13.0 want: ^1.3.0
219 timing idealTree:node_modules/@emotion/styled Completed in 2ms
220 timing idealTree:node_modules/@emotion/is-prop-valid Completed in 0ms
221 timing idealTree:node_modules/@emotion/unitless Completed in 0ms
222 timing idealTree:node_modules/@emotion/use-insertion-effect-with-fallbacks Completed in 0ms
223 timing idealTree:node_modules/@emotion/utils Completed in 0ms
224 timing idealTree:node_modules/@emotion/weak-memoize Completed in 0ms
225 silly placeDep ROOT @jridgewell/set-array@1.2.1 OK for: @jridgewell/gen-mapping@0.3.5 want: ^1.2.1
226 silly placeDep ROOT @jridgewell/sourcemap-codec@1.5.0 OK for: @jridgewell/gen-mapping@0.3.5 want: ^1.4.10
227 timing idealTree:node_modules/@jridgewell/gen-mapping Completed in 3ms
228 timing idealTree:node_modules/@jridgewell/set-array Completed in 0ms
229 timing idealTree:node_modules/@jridgewell/sourcemap-codec Completed in 0ms
230 silly placeDep ROOT @jridgewell/resolve-uri@3.1.2 OK for: @jridgewell/trace-mapping@0.3.25 want: ^3.1.0
231 timing idealTree:node_modules/@jridgewell/trace-mapping Completed in 1ms
232 timing idealTree:node_modules/@jridgewell/resolve-uri Completed in 0ms
233 silly fetch manifest react@^17.0.0 || ^18.0.0
234 silly fetch manifest react-dom@^17.0.0 || ^18.0.0
235 silly fetch manifest @emotion/react@^11.5.0
236 silly fetch manifest @emotion/styled@^11.3.0
237 silly placeDep ROOT @mui/core-downloads-tracker@5.16.6 OK for: @mui/material@5.16.6 want: ^5.16.6
238 silly placeDep ROOT @mui/system@5.16.6 OK for: @mui/material@5.16.6 want: ^5.16.6
239 silly placeDep ROOT @mui/types@7.2.15 OK for: @mui/material@5.16.6 want: ^7.2.15
240 silly placeDep ROOT @mui/utils@5.16.6 OK for: @mui/material@5.16.6 want: ^5.16.6
241 silly placeDep ROOT @popperjs/core@2.11.8 OK for: @mui/material@5.16.6 want: ^2.11.8
242 silly placeDep ROOT @types/react-transition-group@4.4.10 OK for: @mui/material@5.16.6 want: ^4.4.10
243 silly placeDep ROOT clsx@2.1.1 OK for: @mui/material@5.16.6 want: ^2.1.0
244 silly placeDep node_modules/@mui/material react-is@18.3.1 OK for: @mui/material@5.16.6 want: ^18.3.1
245 silly placeDep ROOT react-transition-group@4.4.5 OK for: @mui/material@5.16.6 want: ^4.4.5
246 silly fetch manifest @mui/private-theming@^5.16.6
247 silly fetch manifest @mui/styled-engine@^5.16.6
248 silly fetch manifest @types/prop-types@^15.7.12
249 silly fetch manifest clsx@^2.1.1
250 silly fetch manifest @types/react@*
251 silly fetch manifest dom-helpers@^5.0.1
252 http fetch GET 200 https://registry.npmjs.org/@types%2fprop-types 59ms (cache miss)
253 http fetch GET 200 https://registry.npmjs.org/dom-helpers 59ms (cache miss)
254 http fetch GET 200 https://registry.npmjs.org/@mui%2fprivate-theming 101ms (cache miss)
255 http fetch GET 200 https://registry.npmjs.org/@mui%2fstyled-engine 114ms (cache miss)
256 timing idealTree:node_modules/@mui/material Completed in 139ms
257 timing idealTree:node_modules/@mui/core-downloads-tracker Completed in 0ms
258 silly placeDep ROOT @mui/private-theming@5.16.6 OK for: @mui/system@5.16.6 want: ^5.16.6
259 silly placeDep ROOT @mui/styled-engine@5.16.6 OK for: @mui/system@5.16.6 want: ^5.16.6
260 timing idealTree:node_modules/@mui/system Completed in 10ms
261 timing idealTree:node_modules/@mui/private-theming Completed in 0ms
262 timing idealTree:node_modules/@mui/styled-engine Completed in 0ms
263 timing idealTree:node_modules/@mui/types Completed in 0ms
264 silly placeDep ROOT @types/prop-types@15.7.12 OK for: @mui/utils@5.16.6 want: ^15.7.12
265 silly placeDep node_modules/@mui/utils react-is@18.3.1 OK for: @mui/utils@5.16.6 want: ^18.3.1
266 timing idealTree:node_modules/@mui/utils Completed in 3ms
267 timing idealTree:node_modules/@popperjs/core Completed in 0ms
268 timing idealTree:node_modules/@types/prop-types Completed in 0ms
269 silly placeDep ROOT @types/react@18.3.3 OK for: @types/react-transition-group@4.4.10 want: *
270 timing idealTree:node_modules/@types/react-transition-group Completed in 1ms
271 timing idealTree:node_modules/@types/react Completed in 0ms
272 silly placeDep ROOT cosmiconfig@7.1.0 OK for: babel-plugin-macros@3.1.0 want: ^7.0.0
273 silly fetch manifest @types/parse-json@^4.0.0
274 silly fetch manifest parse-json@^5.0.0
275 silly fetch manifest yaml@^1.10.0
276 http fetch GET 200 https://registry.npmjs.org/parse-json 47ms (cache miss)
277 http fetch GET 200 https://registry.npmjs.org/yaml 52ms (cache miss)
278 http fetch GET 200 https://registry.npmjs.org/@types%2fparse-json 60ms (cache miss)
279 timing idealTree:node_modules/babel-plugin-macros Completed in 62ms
280 timing idealTree:node_modules/clsx Completed in 0ms
281 timing idealTree:node_modules/convert-source-map Completed in 0ms
282 silly placeDep ROOT @types/parse-json@4.0.2 OK for: cosmiconfig@7.1.0 want: ^4.0.0
283 silly placeDep ROOT parse-json@5.2.0 OK for: cosmiconfig@7.1.0 want: ^5.0.0
284 silly placeDep ROOT yaml@1.10.2 OK for: cosmiconfig@7.1.0 want: ^1.10.0
285 silly fetch manifest error-ex@^1.3.1
286 silly fetch manifest json-parse-even-better-errors@^2.3.0
287 silly fetch manifest lines-and-columns@^1.1.6
288 http fetch GET 200 https://registry.npmjs.org/error-ex 47ms (cache miss)
289 http fetch GET 200 https://registry.npmjs.org/json-parse-even-better-errors 48ms (cache miss)
290 http fetch GET 200 https://registry.npmjs.org/lines-and-columns 48ms (cache miss)
291 timing idealTree:node_modules/cosmiconfig Completed in 57ms
292 timing idealTree:node_modules/@types/parse-json Completed in 0ms
293 timing idealTree:node_modules/csstype Completed in 0ms
294 timing idealTree:node_modules/find-root Completed in 0ms
295 timing idealTree:node_modules/hoist-non-react-statics Completed in 0ms
296 timing idealTree:node_modules/jsesc Completed in 0ms
297 silly placeDep ROOT error-ex@1.3.2 OK for: parse-json@5.2.0 want: ^1.3.1
298 silly placeDep ROOT json-parse-even-better-errors@2.3.1 OK for: parse-json@5.2.0 want: ^2.3.0
299 silly placeDep ROOT lines-and-columns@1.2.4 OK for: parse-json@5.2.0 want: ^1.1.6
300 silly fetch manifest is-arrayish@^0.2.1
301 http fetch GET 200 https://registry.npmjs.org/is-arrayish 37ms (cache miss)
302 timing idealTree:node_modules/parse-json Completed in 44ms
303 silly placeDep ROOT is-arrayish@0.2.1 OK for: error-ex@1.3.2 want: ^0.2.1
304 timing idealTree:node_modules/error-ex Completed in 3ms
305 timing idealTree:node_modules/is-arrayish Completed in 0ms
306 timing idealTree:node_modules/json-parse-even-better-errors Completed in 0ms
307 timing idealTree:node_modules/lines-and-columns Completed in 0ms
308 silly placeDep ROOT dom-helpers@5.2.1 OK for: react-transition-group@4.4.5 want: ^5.0.1
309 timing idealTree:node_modules/react-transition-group Completed in 3ms
310 timing idealTree:node_modules/dom-helpers Completed in 0ms
311 timing idealTree:node_modules/regenerator-runtime Completed in 0ms
312 timing idealTree:node_modules/source-map Completed in 0ms
313 timing idealTree:node_modules/stylis Completed in 0ms
314 timing idealTree:node_modules/to-fast-properties Completed in 0ms
315 timing idealTree:node_modules/yaml Completed in 0ms
316 silly placeDep node_modules/@babel/highlight ansi-styles@3.2.1 OK for: chalk@2.4.2 want: ^3.2.1
317 silly placeDep node_modules/@babel/highlight escape-string-regexp@1.0.5 OK for: chalk@2.4.2 want: ^1.0.5
318 silly placeDep node_modules/@babel/highlight supports-color@5.5.0 OK for: chalk@2.4.2 want: ^5.3.0
319 silly fetch manifest color-convert@^1.9.0
320 silly fetch manifest has-flag@^3.0.0
321 http fetch GET 200 https://registry.npmjs.org/has-flag 96ms (cache hit)
322 http fetch GET 200 https://registry.npmjs.org/color-convert 101ms (cache hit)
323 timing idealTree:node_modules/@babel/highlight/node_modules/chalk Completed in 110ms
324 silly placeDep node_modules/@babel/highlight color-convert@1.9.3 OK for: ansi-styles@3.2.1 want: ^1.9.0
325 silly fetch manifest color-name@1.1.3
326 http fetch GET 200 https://registry.npmjs.org/color-name 5ms (cache hit)
327 timing idealTree:node_modules/@babel/highlight/node_modules/ansi-styles Completed in 8ms
328 silly placeDep node_modules/@babel/highlight color-name@1.1.3 OK for: color-convert@1.9.3 want: 1.1.3
329 timing idealTree:node_modules/@babel/highlight/node_modules/color-convert Completed in 1ms
330 timing idealTree:node_modules/@babel/highlight/node_modules/color-name Completed in 0ms
331 timing idealTree:node_modules/@babel/highlight/node_modules/escape-string-regexp Completed in 1ms
332 silly placeDep node_modules/@babel/highlight has-flag@3.0.0 OK for: supports-color@5.5.0 want: ^3.0.0
333 timing idealTree:node_modules/@babel/highlight/node_modules/supports-color Completed in 1ms
334 timing idealTree:node_modules/@babel/highlight/node_modules/has-flag Completed in 0ms
335 timing idealTree:node_modules/@babel/traverse/node_modules/globals Completed in 0ms
336 timing idealTree:node_modules/@mui/material/node_modules/react-is Completed in 0ms
337 timing idealTree:node_modules/@mui/utils/node_modules/react-is Completed in 0ms
338 timing idealTree:buildDeps Completed in 3251ms
339 timing idealTree:fixDepFlags Completed in 9ms
340 timing idealTree Completed in 3438ms
341 timing reify:loadTrees Completed in 3440ms
342 timing reify:diffTrees Completed in 13ms
343 silly reify moves {}
344 timing reify:retireShallow Completed in 3ms
345 timing reify:createSparse Completed in 16ms
346 timing reify:loadBundles Completed in 0ms
347 silly audit bulk request {
347 silly audit   '@eslint-community/eslint-utils': [ '4.4.0' ],
347 silly audit   '@eslint-community/regexpp': [ '4.11.0' ],
347 silly audit   '@eslint/eslintrc': [ '2.1.4' ],
347 silly audit   '@eslint/js': [ '8.57.0' ],
347 silly audit   '@humanwhocodes/config-array': [ '0.11.14' ],
347 silly audit   '@humanwhocodes/module-importer': [ '1.0.1' ],
347 silly audit   '@humanwhocodes/object-schema': [ '2.0.3' ],
347 silly audit   '@isaacs/cliui': [ '8.0.2' ],
347 silly audit   'ansi-regex': [ '6.0.1', '5.0.1' ],
347 silly audit   'strip-ansi': [ '7.1.0', '6.0.1' ],
347 silly audit   '@next/env': [ '14.2.5' ],
347 silly audit   '@next/eslint-plugin-next': [ '14.2.5' ],
347 silly audit   '@next/swc-darwin-arm64': [ '14.2.5' ],
347 silly audit   '@next/swc-darwin-x64': [ '14.2.5' ],
347 silly audit   '@next/swc-linux-arm64-gnu': [ '14.2.5' ],
347 silly audit   '@next/swc-linux-arm64-musl': [ '14.2.5' ],
347 silly audit   '@next/swc-linux-x64-gnu': [ '14.2.5' ],
347 silly audit   '@next/swc-linux-x64-musl': [ '14.2.5' ],
347 silly audit   '@next/swc-win32-arm64-msvc': [ '14.2.5' ],
347 silly audit   '@next/swc-win32-ia32-msvc': [ '14.2.5' ],
347 silly audit   '@next/swc-win32-x64-msvc': [ '14.2.5' ],
347 silly audit   '@nodelib/fs.scandir': [ '2.1.5' ],
347 silly audit   '@nodelib/fs.stat': [ '2.0.5' ],
347 silly audit   '@nodelib/fs.walk': [ '1.2.8' ],
347 silly audit   '@pkgjs/parseargs': [ '0.11.0' ],
347 silly audit   '@rushstack/eslint-patch': [ '1.10.4' ],
347 silly audit   '@swc/counter': [ '0.1.3' ],
347 silly audit   '@swc/helpers': [ '0.5.5' ],
347 silly audit   '@types/json5': [ '0.0.29' ],
347 silly audit   '@typescript-eslint/parser': [ '7.2.0' ],
347 silly audit   '@typescript-eslint/scope-manager': [ '7.2.0' ],
347 silly audit   '@typescript-eslint/types': [ '7.2.0' ],
347 silly audit   '@typescript-eslint/typescript-estree': [ '7.2.0' ],
347 silly audit   'brace-expansion': [ '2.0.1', '1.1.11' ],
347 silly audit   minimatch: [ '9.0.3', '9.0.5', '3.1.2' ],
347 silly audit   '@typescript-eslint/visitor-keys': [ '7.2.0' ],
347 silly audit   '@ungap/structured-clone': [ '1.2.0' ],
347 silly audit   acorn: [ '8.12.1' ],
347 silly audit   'acorn-jsx': [ '5.3.2' ],
347 silly audit   ajv: [ '6.12.6' ],
347 silly audit   'ansi-styles': [ '4.3.0', '6.2.1', '3.2.1' ],
347 silly audit   argparse: [ '2.0.1' ],
347 silly audit   'aria-query': [ '5.1.3' ],
347 silly audit   'array-buffer-byte-length': [ '1.0.1' ],
347 silly audit   'array-includes': [ '3.1.8' ],
347 silly audit   'array-union': [ '2.1.0' ],
347 silly audit   'array.prototype.findlast': [ '1.2.5' ],
347 silly audit   'array.prototype.findlastindex': [ '1.2.5' ],
347 silly audit   'array.prototype.flat': [ '1.3.2' ],
347 silly audit   'array.prototype.flatmap': [ '1.3.2' ],
347 silly audit   'array.prototype.tosorted': [ '1.1.4' ],
347 silly audit   'arraybuffer.prototype.slice': [ '1.0.3' ],
347 silly audit   'ast-types-flow': [ '0.0.8' ],
347 silly audit   'available-typed-arrays': [ '1.0.7' ],
347 silly audit   'axe-core': [ '4.10.0' ],
347 silly audit   'axobject-query': [ '3.1.1' ],
347 silly audit   'balanced-match': [ '1.0.2' ],
347 silly audit   braces: [ '3.0.3' ],
347 silly audit   busboy: [ '1.6.0' ],
347 silly audit   'call-bind': [ '1.0.7' ],
347 silly audit   callsites: [ '3.1.0' ],
347 silly audit   'caniuse-lite': [ '1.0.30001646' ],
347 silly audit   chalk: [ '4.1.2', '2.4.2' ],
347 silly audit   'client-only': [ '0.0.1' ],
347 silly audit   'color-convert': [ '2.0.1', '1.9.3' ],
347 silly audit   'color-name': [ '1.1.4', '1.1.3' ],
347 silly audit   'concat-map': [ '0.0.1' ],
347 silly audit   'cross-spawn': [ '7.0.3' ],
347 silly audit   'damerau-levenshtein': [ '1.0.8' ],
347 silly audit   'data-view-buffer': [ '1.0.1' ],
347 silly audit   'data-view-byte-length': [ '1.0.1' ],
347 silly audit   'data-view-byte-offset': [ '1.0.0' ],
347 silly audit   debug: [ '4.3.6', '3.2.7' ],
347 silly audit   'deep-equal': [ '2.2.3' ],
347 silly audit   'deep-is': [ '0.1.4' ],
347 silly audit   'define-data-property': [ '1.1.4' ],
347 silly audit   'define-properties': [ '1.2.1' ],
347 silly audit   'dir-glob': [ '3.0.1' ],
347 silly audit   doctrine: [ '3.0.0', '2.1.0' ],
347 silly audit   eastasianwidth: [ '0.2.0' ],
347 silly audit   'emoji-regex': [ '9.2.2', '8.0.0' ],
347 silly audit   'enhanced-resolve': [ '5.17.1' ],
347 silly audit   'es-abstract': [ '1.23.3' ],
347 silly audit   'es-define-property': [ '1.0.0' ],
347 silly audit   'es-errors': [ '1.3.0' ],
347 silly audit   'es-get-iterator': [ '1.1.3' ],
347 silly audit   'es-iterator-helpers': [ '1.0.19' ],
347 silly audit   'es-object-atoms': [ '1.0.0' ],
347 silly audit   'es-set-tostringtag': [ '2.0.3' ],
347 silly audit   'es-shim-unscopables': [ '1.0.2' ],
347 silly audit   'es-to-primitive': [ '1.2.1' ],
347 silly audit   'escape-string-regexp': [ '4.0.0', '1.0.5' ],
347 silly audit   eslint: [ '8.57.0' ],
347 silly audit   'eslint-config-next': [ '14.2.5' ],
347 silly audit   'eslint-import-resolver-node': [ '0.3.9' ],
347 silly audit   'eslint-import-resolver-typescript': [ '3.6.1' ],
347 silly audit   'eslint-module-utils': [ '2.8.1' ],
347 silly audit   'eslint-plugin-import': [ '2.29.1' ],
347 silly audit   semver: [ '6.3.1', '7.6.3' ],
347 silly audit   'eslint-plugin-jsx-a11y': [ '6.9.0' ],
347 silly audit   'eslint-plugin-react': [ '7.35.0' ],
347 silly audit   'eslint-plugin-react-hooks': [ '4.6.2' ],
347 silly audit   resolve: [ '2.0.0-next.5', '1.22.8' ],
347 silly audit   'eslint-scope': [ '7.2.2' ],
347 silly audit   'eslint-visitor-keys': [ '3.4.3' ],
347 silly audit   espree: [ '9.6.1' ],
347 silly audit   esquery: [ '1.6.0' ],
347 silly audit   esrecurse: [ '4.3.0' ],
347 silly audit   estraverse: [ '5.3.0' ],
347 silly audit   esutils: [ '2.0.3' ],
347 silly audit   'fast-deep-equal': [ '3.1.3' ],
347 silly audit   'fast-glob': [ '3.3.2' ],
347 silly audit   'glob-parent': [ '5.1.2', '6.0.2' ],
347 silly audit   'fast-json-stable-stringify': [ '2.1.0' ],
347 silly audit   'fast-levenshtein': [ '2.0.6' ],
347 silly audit   fastq: [ '1.17.1' ],
347 silly audit   'file-entry-cache': [ '6.0.1' ],
347 silly audit   'fill-range': [ '7.1.1' ],
347 silly audit   'find-up': [ '5.0.0' ],
347 silly audit   'flat-cache': [ '3.2.0' ],
347 silly audit   flatted: [ '3.3.1' ],
347 silly audit   'for-each': [ '0.3.3' ],
347 silly audit   'foreground-child': [ '3.2.1' ],
347 silly audit   'fs.realpath': [ '1.0.0' ],
347 silly audit   'function-bind': [ '1.1.2' ],
347 silly audit   'function.prototype.name': [ '1.1.6' ],
347 silly audit   'functions-have-names': [ '1.2.3' ],
347 silly audit   'get-intrinsic': [ '1.2.4' ],
347 silly audit   'get-symbol-description': [ '1.0.2' ],
347 silly audit   'get-tsconfig': [ '4.7.6' ],
347 silly audit   glob: [ '10.3.10', '7.2.3' ],
347 silly audit   globals: [ '13.24.0', '11.12.0' ],
347 silly audit   globalthis: [ '1.0.4' ],
347 silly audit   globby: [ '11.1.0' ],
347 silly audit   gopd: [ '1.0.1' ],
347 silly audit   'graceful-fs': [ '4.2.11' ],
347 silly audit   graphemer: [ '1.4.0' ],
347 silly audit   'has-bigints': [ '1.0.2' ],
347 silly audit   'has-flag': [ '4.0.0', '3.0.0' ],
347 silly audit   'has-property-descriptors': [ '1.0.2' ],
347 silly audit   'has-proto': [ '1.0.3' ],
347 silly audit   'has-symbols': [ '1.0.3' ],
347 silly audit   'has-tostringtag': [ '1.0.2' ],
347 silly audit   hasown: [ '2.0.2' ],
347 silly audit   ignore: [ '5.3.1' ],
347 silly audit   'import-fresh': [ '3.3.0' ],
347 silly audit   imurmurhash: [ '0.1.4' ],
347 silly audit   inflight: [ '1.0.6' ],
347 silly audit   inherits: [ '2.0.4' ],
347 silly audit   'internal-slot': [ '1.0.7' ],
347 silly audit   'is-arguments': [ '1.1.1' ],
347 silly audit   'is-array-buffer': [ '3.0.4' ],
347 silly audit   'is-async-function': [ '2.0.0' ],
347 silly audit   'is-bigint': [ '1.0.4' ],
347 silly audit   'is-boolean-object': [ '1.1.2' ],
347 silly audit   'is-callable': [ '1.2.7' ],
347 silly audit   'is-core-module': [ '2.15.0' ],
347 silly audit   'is-data-view': [ '1.0.1' ],
347 silly audit   'is-date-object': [ '1.0.5' ],
347 silly audit   'is-extglob': [ '2.1.1' ],
347 silly audit   'is-finalizationregistry': [ '1.0.2' ],
347 silly audit   'is-fullwidth-code-point': [ '3.0.0' ],
347 silly audit   'is-generator-function': [ '1.0.10' ],
347 silly audit   'is-glob': [ '4.0.3' ],
347 silly audit   'is-map': [ '2.0.3' ],
347 silly audit   'is-negative-zero': [ '2.0.3' ],
347 silly audit   'is-number': [ '7.0.0' ],
347 silly audit   'is-number-object': [ '1.0.7' ],
347 silly audit   'is-path-inside': [ '3.0.3' ],
347 silly audit   'is-regex': [ '1.1.4' ],
347 silly audit   'is-set': [ '2.0.3' ],
347 silly audit   'is-shared-array-buffer': [ '1.0.3' ],
347 silly audit   'is-string': [ '1.0.7' ],
347 silly audit   'is-symbol': [ '1.0.4' ],
347 silly audit   'is-typed-array': [ '1.1.13' ],
347 silly audit   'is-weakmap': [ '2.0.2' ],
347 silly audit   'is-weakref': [ '1.0.2' ],
347 silly audit   'is-weakset': [ '2.0.3' ],
347 silly audit   isarray: [ '2.0.5' ],
347 silly audit   isexe: [ '2.0.0' ],
347 silly audit   'iterator.prototype': [ '1.1.2' ],
347 silly audit   jackspeak: [ '2.3.6' ],
347 silly audit   'js-tokens': [ '4.0.0' ],
347 silly audit   'js-yaml': [ '4.1.0' ],
347 silly audit   'json-buffer': [ '3.0.1' ],
347 silly audit   'json-schema-traverse': [ '0.4.1' ],
347 silly audit   'json-stable-stringify-without-jsonify': [ '1.0.1' ],
347 silly audit   json5: [ '1.0.2' ],
347 silly audit   'jsx-ast-utils': [ '3.3.5' ],
347 silly audit   keyv: [ '4.5.4' ],
347 silly audit   'language-subtag-registry': [ '0.3.23' ],
347 silly audit   'language-tags': [ '1.0.9' ],
347 silly audit   levn: [ '0.4.1' ],
347 silly audit   'locate-path': [ '6.0.0' ],
347 silly audit   'lodash.merge': [ '4.6.2' ],
347 silly audit   'loose-envify': [ '1.4.0' ],
347 silly audit   'lru-cache': [ '10.4.3' ],
347 silly audit   merge2: [ '1.4.1' ],
347 silly audit   micromatch: [ '4.0.7' ],
347 silly audit   minimist: [ '1.2.8' ],
347 silly audit   minipass: [ '7.1.2' ],
347 silly audit   ms: [ '2.1.2' ],
347 silly audit   nanoid: [ '3.3.7' ],
347 silly audit   'natural-compare': [ '1.4.0' ],
347 silly audit   next: [ '14.2.5' ],
347 silly audit   'object-assign': [ '4.1.1' ],
347 silly audit   'object-inspect': [ '1.13.2' ],
347 silly audit   'object-is': [ '1.1.6' ],
347 silly audit   'object-keys': [ '1.1.1' ],
347 silly audit   'object.assign': [ '4.1.5' ],
347 silly audit   'object.entries': [ '1.1.8' ],
347 silly audit   'object.fromentries': [ '2.0.8' ],
347 silly audit   'object.groupby': [ '1.0.3' ],
347 silly audit   'object.values': [ '1.2.0' ],
347 silly audit   once: [ '1.4.0' ],
347 silly audit   optionator: [ '0.9.4' ],
347 silly audit   'p-limit': [ '3.1.0' ],
347 silly audit   'p-locate': [ '5.0.0' ],
347 silly audit   'parent-module': [ '1.0.1' ],
347 silly audit   'path-exists': [ '4.0.0' ],
347 silly audit   'path-is-absolute': [ '1.0.1' ],
347 silly audit   'path-key': [ '3.1.1' ],
347 silly audit   'path-parse': [ '1.0.7' ],
347 silly audit   'path-scurry': [ '1.11.1' ],
347 silly audit   'path-type': [ '4.0.0' ],
347 silly audit   picocolors: [ '1.0.1' ],
347 silly audit   picomatch: [ '2.3.1' ],
347 silly audit   'possible-typed-array-names': [ '1.0.0' ],
347 silly audit   postcss: [ '8.4.31' ],
347 silly audit   'prelude-ls': [ '1.2.1' ],
347 silly audit   'prop-types': [ '15.8.1' ],
347 silly audit   punycode: [ '2.3.1' ],
347 silly audit   'queue-microtask': [ '1.2.3' ],
347 silly audit   react: [ '18.3.1' ],
347 silly audit   'react-dom': [ '18.3.1' ],
347 silly audit   'react-is': [ '16.13.1', '18.3.1' ],
347 silly audit   'reflect.getprototypeof': [ '1.0.6' ],
347 silly audit   'regexp.prototype.flags': [ '1.5.2' ],
347 silly audit   'resolve-from': [ '4.0.0' ],
347 silly audit   'resolve-pkg-maps': [ '1.0.0' ],
347 silly audit   reusify: [ '1.0.4' ],
347 silly audit   rimraf: [ '3.0.2' ],
347 silly audit   'run-parallel': [ '1.2.0' ],
347 silly audit   'safe-array-concat': [ '1.1.2' ],
347 silly audit   'safe-regex-test': [ '1.0.3' ],
347 silly audit   scheduler: [ '0.23.2' ],
347 silly audit   'set-function-length': [ '1.2.2' ],
347 silly audit   'set-function-name': [ '2.0.2' ],
347 silly audit   'shebang-command': [ '2.0.0' ],
347 silly audit   'shebang-regex': [ '3.0.0' ],
347 silly audit   'side-channel': [ '1.0.6' ],
347 silly audit   'signal-exit': [ '4.1.0' ],
347 silly audit   slash: [ '3.0.0' ],
347 silly audit   'source-map-js': [ '1.2.0' ],
347 silly audit   'stop-iteration-iterator': [ '1.0.0' ],
347 silly audit   streamsearch: [ '1.1.0' ],
347 silly audit   'string-width': [ '5.1.2', '4.2.3' ],
347 silly audit   'string.prototype.includes': [ '2.0.0' ],
347 silly audit   'string.prototype.matchall': [ '4.0.11' ],
347 silly audit   'string.prototype.repeat': [ '1.0.0' ],
347 silly audit   'string.prototype.trim': [ '1.2.9' ],
347 silly audit   'string.prototype.trimend': [ '1.0.8' ],
347 silly audit   'string.prototype.trimstart': [ '1.0.8' ],
347 silly audit   'strip-bom': [ '3.0.0' ],
347 silly audit   'strip-json-comments': [ '3.1.1' ],
347 silly audit   'styled-jsx': [ '5.1.1' ],
347 silly audit   'supports-color': [ '7.2.0', '5.5.0' ],
347 silly audit   'supports-preserve-symlinks-flag': [ '1.0.0' ],
347 silly audit   tapable: [ '2.2.1' ],
347 silly audit   'text-table': [ '0.2.0' ],
347 silly audit   'to-regex-range': [ '5.0.1' ],
347 silly audit   'ts-api-utils': [ '1.3.0' ],
347 silly audit   'tsconfig-paths': [ '3.15.0' ],
347 silly audit   tslib: [ '2.6.3' ],
347 silly audit   'type-check': [ '0.4.0' ],
347 silly audit   'type-fest': [ '0.20.2' ],
347 silly audit   'typed-array-buffer': [ '1.0.2' ],
347 silly audit   'typed-array-byte-length': [ '1.0.1' ],
347 silly audit   'typed-array-byte-offset': [ '1.0.2' ],
347 silly audit   'typed-array-length': [ '1.0.6' ],
347 silly audit   typescript: [ '5.5.4' ],
347 silly audit   'unbox-primitive': [ '1.0.2' ],
347 silly audit   'uri-js': [ '4.4.1' ],
347 silly audit   which: [ '2.0.2' ],
347 silly audit   'which-boxed-primitive': [ '1.0.2' ],
347 silly audit   'which-builtin-type': [ '1.1.4' ],
347 silly audit   'which-collection': [ '1.0.2' ],
347 silly audit   'which-typed-array': [ '1.1.15' ],
347 silly audit   'word-wrap': [ '1.2.5' ],
347 silly audit   'wrap-ansi': [ '8.1.0', '7.0.0' ],
347 silly audit   wrappy: [ '1.0.2' ],
347 silly audit   'yocto-queue': [ '0.1.0' ],
347 silly audit   '@emotion/react': [ '11.13.0' ],
347 silly audit   '@emotion/styled': [ '11.13.0' ],
347 silly audit   '@mui/material': [ '5.16.6' ],
347 silly audit   '@babel/runtime': [ '7.25.0' ],
347 silly audit   '@emotion/babel-plugin': [ '11.12.0' ],
347 silly audit   '@emotion/cache': [ '11.13.1' ],
347 silly audit   '@emotion/serialize': [ '1.3.0' ],
347 silly audit   '@emotion/use-insertion-effect-with-fallbacks': [ '1.1.0' ],
347 silly audit   '@emotion/utils': [ '1.4.0' ],
347 silly audit   '@emotion/weak-memoize': [ '0.4.0' ],
347 silly audit   'hoist-non-react-statics': [ '3.3.2' ],
347 silly audit   'regenerator-runtime': [ '0.14.1' ],
347 silly audit   '@babel/helper-module-imports': [ '7.24.7' ],
347 silly audit   '@emotion/hash': [ '0.9.2' ],
347 silly audit   '@emotion/memoize': [ '0.9.0' ],
347 silly audit   'babel-plugin-macros': [ '3.1.0' ],
347 silly audit   'convert-source-map': [ '1.9.0' ],
347 silly audit   'find-root': [ '1.1.0' ],
347 silly audit   'source-map': [ '0.5.7' ],
347 silly audit   stylis: [ '4.2.0' ],
347 silly audit   '@babel/traverse': [ '7.25.3' ],
347 silly audit   '@babel/types': [ '7.25.2' ],
347 silly audit   '@babel/code-frame': [ '7.24.7' ],
347 silly audit   '@babel/generator': [ '7.25.0' ],
347 silly audit   '@babel/parser': [ '7.25.3' ],
347 silly audit   '@babel/template': [ '7.25.0' ],
347 silly audit   '@babel/highlight': [ '7.24.7' ],
347 silly audit   '@jridgewell/gen-mapping': [ '0.3.5' ],
347 silly audit   '@jridgewell/trace-mapping': [ '0.3.25' ],
347 silly audit   jsesc: [ '2.5.2' ],
347 silly audit   '@babel/helper-validator-identifier': [ '7.24.7' ],
347 silly audit   '@babel/helper-string-parser': [ '7.24.8' ],
347 silly audit   'to-fast-properties': [ '2.0.0' ],
347 silly audit   '@emotion/sheet': [ '1.4.0' ],
347 silly audit   '@emotion/unitless': [ '0.9.0' ],
347 silly audit   csstype: [ '3.1.3' ],
347 silly audit   '@emotion/is-prop-valid': [ '1.3.0' ],
347 silly audit   '@jridgewell/set-array': [ '1.2.1' ],
347 silly audit   '@jridgewell/sourcemap-codec': [ '1.5.0' ],
347 silly audit   '@jridgewell/resolve-uri': [ '3.1.2' ],
347 silly audit   '@mui/core-downloads-tracker': [ '5.16.6' ],
347 silly audit   '@mui/system': [ '5.16.6' ],
347 silly audit   '@mui/types': [ '7.2.15' ],
347 silly audit   '@mui/utils': [ '5.16.6' ],
347 silly audit   '@popperjs/core': [ '2.11.8' ],
347 silly audit   '@types/react-transition-group': [ '4.4.10' ],
347 silly audit   clsx: [ '2.1.1' ],
347 silly audit   'react-transition-group': [ '4.4.5' ],
347 silly audit   '@mui/private-theming': [ '5.16.6' ],
347 silly audit   '@mui/styled-engine': [ '5.16.6' ],
347 silly audit   '@types/prop-types': [ '15.7.12' ],
347 silly audit   '@types/react': [ '18.3.3' ],
347 silly audit   cosmiconfig: [ '7.1.0' ],
347 silly audit   '@types/parse-json': [ '4.0.2' ],
347 silly audit   'parse-json': [ '5.2.0' ],
347 silly audit   yaml: [ '1.10.2' ],
347 silly audit   'error-ex': [ '1.3.2' ],
347 silly audit   'json-parse-even-better-errors': [ '2.3.1' ],
347 silly audit   'lines-and-columns': [ '1.2.4' ],
347 silly audit   'is-arrayish': [ '0.2.1' ],
347 silly audit   'dom-helpers': [ '5.2.1' ]
347 silly audit }
348 verbose reify failed optional dependency C:\Users\surya\OneDrive\Desktop\inventory\inventory_management\node_modules\@next\swc-win32-ia32-msvc
349 silly reify mark deleted [
349 silly reify   'C:\\Users\\surya\\OneDrive\\Desktop\\inventory\\inventory_management\\node_modules\\@next\\swc-win32-ia32-msvc'
349 silly reify ]
350 verbose reify failed optional dependency C:\Users\surya\OneDrive\Desktop\inventory\inventory_management\node_modules\@next\swc-win32-arm64-msvc
351 silly reify mark deleted [
351 silly reify   'C:\\Users\\surya\\OneDrive\\Desktop\\inventory\\inventory_management\\node_modules\\@next\\swc-win32-arm64-msvc'
351 silly reify ]
352 verbose reify failed optional dependency C:\Users\surya\OneDrive\Desktop\inventory\inventory_management\node_modules\@next\swc-linux-x64-musl
353 silly reify mark deleted [
353 silly reify   'C:\\Users\\surya\\OneDrive\\Desktop\\inventory\\inventory_management\\node_modules\\@next\\swc-linux-x64-musl'
353 silly reify ]
354 verbose reify failed optional dependency C:\Users\surya\OneDrive\Desktop\inventory\inventory_management\node_modules\@next\swc-linux-x64-gnu
355 silly reify mark deleted [
355 silly reify   'C:\\Users\\surya\\OneDrive\\Desktop\\inventory\\inventory_management\\node_modules\\@next\\swc-linux-x64-gnu'
355 silly reify ]
356 verbose reify failed optional dependency C:\Users\surya\OneDrive\Desktop\inventory\inventory_management\node_modules\@next\swc-linux-arm64-musl
357 silly reify mark deleted [
357 silly reify   'C:\\Users\\surya\\OneDrive\\Desktop\\inventory\\inventory_management\\node_modules\\@next\\swc-linux-arm64-musl'
357 silly reify ]
358 verbose reify failed optional dependency C:\Users\surya\OneDrive\Desktop\inventory\inventory_management\node_modules\@next\swc-linux-arm64-gnu
359 silly reify mark deleted [
359 silly reify   'C:\\Users\\surya\\OneDrive\\Desktop\\inventory\\inventory_management\\node_modules\\@next\\swc-linux-arm64-gnu'
359 silly reify ]
360 verbose reify failed optional dependency C:\Users\surya\OneDrive\Desktop\inventory\inventory_management\node_modules\@next\swc-darwin-x64
361 silly reify mark deleted [
361 silly reify   'C:\\Users\\surya\\OneDrive\\Desktop\\inventory\\inventory_management\\node_modules\\@next\\swc-darwin-x64'
361 silly reify ]
362 verbose reify failed optional dependency C:\Users\surya\OneDrive\Desktop\inventory\inventory_management\node_modules\@next\swc-darwin-arm64
363 silly reify mark deleted [
363 silly reify   'C:\\Users\\surya\\OneDrive\\Desktop\\inventory\\inventory_management\\node_modules\\@next\\swc-darwin-arm64'
363 silly reify ]
364 timing reifyNode:node_modules/@next/swc-win32-ia32-msvc Completed in 10ms
365 timing reifyNode:node_modules/@next/swc-win32-arm64-msvc Completed in 10ms
366 timing reifyNode:node_modules/@next/swc-linux-x64-musl Completed in 10ms
367 timing reifyNode:node_modules/@next/swc-linux-x64-gnu Completed in 10ms
368 timing reifyNode:node_modules/@next/swc-linux-arm64-musl Completed in 10ms
369 timing reifyNode:node_modules/@next/swc-linux-arm64-gnu Completed in 10ms
370 timing reifyNode:node_modules/@next/swc-darwin-x64 Completed in 10ms
371 timing reifyNode:node_modules/@next/swc-darwin-arm64 Completed in 10ms
372 silly tarball no local data for dom-helpers@https://registry.npmjs.org/dom-helpers/-/dom-helpers-5.2.1.tgz. Extracting by manifest.
373 silly tarball no local data for is-arrayish@https://registry.npmjs.org/is-arrayish/-/is-arrayish-0.2.1.tgz. Extracting by manifest.
374 silly tarball no local data for json-parse-even-better-errors@https://registry.npmjs.org/json-parse-even-better-errors/-/json-parse-even-better-errors-2.3.1.tgz. Extracting by manifest.
375 silly tarball no local data for error-ex@https://registry.npmjs.org/error-ex/-/error-ex-1.3.2.tgz. Extracting by manifest.
376 silly tarball no local data for yaml@https://registry.npmjs.org/yaml/-/yaml-1.10.2.tgz. Extracting by manifest.
377 silly tarball no local data for parse-json@https://registry.npmjs.org/parse-json/-/parse-json-5.2.0.tgz. Extracting by manifest.
378 silly tarball no local data for @types/parse-json@https://registry.npmjs.org/@types/parse-json/-/parse-json-4.0.2.tgz. Extracting by manifest.
379 silly tarball no local data for lines-and-columns@https://registry.npmjs.org/lines-and-columns/-/lines-and-columns-1.2.4.tgz. Extracting by manifest.
380 silly tarball no local data for @types/react@https://registry.npmjs.org/@types/react/-/react-18.3.3.tgz. Extracting by manifest.
381 silly tarball no local data for cosmiconfig@https://registry.npmjs.org/cosmiconfig/-/cosmiconfig-7.1.0.tgz. Extracting by manifest.
382 silly tarball no local data for @types/prop-types@https://registry.npmjs.org/@types/prop-types/-/prop-types-15.7.12.tgz. Extracting by manifest.
383 silly tarball no local data for @mui/styled-engine@https://registry.npmjs.org/@mui/styled-engine/-/styled-engine-5.16.6.tgz. Extracting by manifest.
384 silly tarball no local data for clsx@https://registry.npmjs.org/clsx/-/clsx-2.1.1.tgz. Extracting by manifest.
385 silly tarball no local data for react-transition-group@https://registry.npmjs.org/react-transition-group/-/react-transition-group-4.4.5.tgz. Extracting by manifest.
386 silly tarball no local data for @mui/private-theming@https://registry.npmjs.org/@mui/private-theming/-/private-theming-5.16.6.tgz. Extracting by manifest.
387 silly tarball no local data for @types/react-transition-group@https://registry.npmjs.org/@types/react-transition-group/-/react-transition-group-4.4.10.tgz. Extracting by manifest.
388 silly tarball no local data for @popperjs/core@https://registry.npmjs.org/@popperjs/core/-/core-2.11.8.tgz. Extracting by manifest.
389 silly tarball no local data for @mui/system@https://registry.npmjs.org/@mui/system/-/system-5.16.6.tgz. Extracting by manifest.
390 silly tarball no local data for @mui/utils@https://registry.npmjs.org/@mui/utils/-/utils-5.16.6.tgz. Extracting by manifest.
391 silly tarball no local data for @mui/types@https://registry.npmjs.org/@mui/types/-/types-7.2.15.tgz. Extracting by manifest.
392 silly tarball no local data for @jridgewell/resolve-uri@https://registry.npmjs.org/@jridgewell/resolve-uri/-/resolve-uri-3.1.2.tgz. Extracting by manifest.
393 silly tarball no local data for @jridgewell/sourcemap-codec@https://registry.npmjs.org/@jridgewell/sourcemap-codec/-/sourcemap-codec-1.5.0.tgz. Extracting by manifest.
394 silly tarball no local data for @mui/core-downloads-tracker@https://registry.npmjs.org/@mui/core-downloads-tracker/-/core-downloads-tracker-5.16.6.tgz. Extracting by manifest.
395 silly tarball no local data for @jridgewell/set-array@https://registry.npmjs.org/@jridgewell/set-array/-/set-array-1.2.1.tgz. Extracting by manifest.
396 silly tarball no local data for csstype@https://registry.npmjs.org/csstype/-/csstype-3.1.3.tgz. Extracting by manifest.
397 silly tarball no local data for @emotion/is-prop-valid@https://registry.npmjs.org/@emotion/is-prop-valid/-/is-prop-valid-1.3.0.tgz. Extracting by manifest.
398 silly tarball no local data for @emotion/sheet@https://registry.npmjs.org/@emotion/sheet/-/sheet-1.4.0.tgz. Extracting by manifest.
399 silly tarball no local data for to-fast-properties@https://registry.npmjs.org/to-fast-properties/-/to-fast-properties-2.0.0.tgz. Extracting by manifest.
400 silly tarball no local data for jsesc@https://registry.npmjs.org/jsesc/-/jsesc-2.5.2.tgz. Extracting by manifest.
401 silly tarball no local data for @babel/helper-string-parser@https://registry.npmjs.org/@babel/helper-string-parser/-/helper-string-parser-7.24.8.tgz. Extracting by manifest.
402 silly tarball no local data for @emotion/unitless@https://registry.npmjs.org/@emotion/unitless/-/unitless-0.9.0.tgz. Extracting by manifest.
403 silly tarball no local data for @jridgewell/gen-mapping@https://registry.npmjs.org/@jridgewell/gen-mapping/-/gen-mapping-0.3.5.tgz. Extracting by manifest.
404 silly tarball no local data for @babel/helper-validator-identifier@https://registry.npmjs.org/@babel/helper-validator-identifier/-/helper-validator-identifier-7.24.7.tgz. Extracting by manifest.
405 silly tarball no local data for @babel/highlight@https://registry.npmjs.org/@babel/highlight/-/highlight-7.24.7.tgz. Extracting by manifest.
406 silly tarball no local data for @babel/parser@https://registry.npmjs.org/@babel/parser/-/parser-7.25.3.tgz. Extracting by manifest.
407 silly tarball no local data for @babel/template@https://registry.npmjs.org/@babel/template/-/template-7.25.0.tgz. Extracting by manifest.
408 silly tarball no local data for @babel/code-frame@https://registry.npmjs.org/@babel/code-frame/-/code-frame-7.24.7.tgz. Extracting by manifest.
409 silly tarball no local data for @babel/generator@https://registry.npmjs.org/@babel/generator/-/generator-7.25.0.tgz. Extracting by manifest.
410 silly tarball no local data for @babel/types@https://registry.npmjs.org/@babel/types/-/types-7.25.2.tgz. Extracting by manifest.
411 silly tarball no local data for @jridgewell/trace-mapping@https://registry.npmjs.org/@jridgewell/trace-mapping/-/trace-mapping-0.3.25.tgz. Extracting by manifest.
412 silly tarball no local data for @babel/traverse@https://registry.npmjs.org/@babel/traverse/-/traverse-7.25.3.tgz. Extracting by manifest.
413 silly tarball no local data for find-root@https://registry.npmjs.org/find-root/-/find-root-1.1.0.tgz. Extracting by manifest.
414 silly tarball no local data for source-map@https://registry.npmjs.org/source-map/-/source-map-0.5.7.tgz. Extracting by manifest.
415 silly tarball no local data for stylis@https://registry.npmjs.org/stylis/-/stylis-4.2.0.tgz. Extracting by manifest.
416 silly tarball no local data for convert-source-map@https://registry.npmjs.org/convert-source-map/-/convert-source-map-1.9.0.tgz. Extracting by manifest.
417 silly tarball no local data for @emotion/memoize@https://registry.npmjs.org/@emotion/memoize/-/memoize-0.9.0.tgz. Extracting by manifest.
418 silly tarball no local data for @emotion/hash@https://registry.npmjs.org/@emotion/hash/-/hash-0.9.2.tgz. Extracting by manifest.
419 silly tarball no local data for @babel/helper-module-imports@https://registry.npmjs.org/@babel/helper-module-imports/-/helper-module-imports-7.24.7.tgz. Extracting by manifest.
420 silly tarball no local data for hoist-non-react-statics@https://registry.npmjs.org/hoist-non-react-statics/-/hoist-non-react-statics-3.3.2.tgz. Extracting by manifest.
421 silly tarball no local data for regenerator-runtime@https://registry.npmjs.org/regenerator-runtime/-/regenerator-runtime-0.14.1.tgz. Extracting by manifest.
422 silly tarball no local data for @emotion/utils@https://registry.npmjs.org/@emotion/utils/-/utils-1.4.0.tgz. Extracting by manifest.
423 silly tarball no local data for @emotion/weak-memoize@https://registry.npmjs.org/@emotion/weak-memoize/-/weak-memoize-0.4.0.tgz. Extracting by manifest.
424 silly tarball no local data for @emotion/use-insertion-effect-with-fallbacks@https://registry.npmjs.org/@emotion/use-insertion-effect-with-fallbacks/-/use-insertion-effect-with-fallbacks-1.1.0.tgz. Extracting by manifest.
425 silly tarball no local data for @emotion/cache@https://registry.npmjs.org/@emotion/cache/-/cache-11.13.1.tgz. Extracting by manifest.
426 silly tarball no local data for @emotion/serialize@https://registry.npmjs.org/@emotion/serialize/-/serialize-1.3.0.tgz. Extracting by manifest.
427 silly tarball no local data for @emotion/babel-plugin@https://registry.npmjs.org/@emotion/babel-plugin/-/babel-plugin-11.12.0.tgz. Extracting by manifest.
428 silly tarball no local data for @babel/runtime@https://registry.npmjs.org/@babel/runtime/-/runtime-7.25.0.tgz. Extracting by manifest.
429 silly tarball no local data for @mui/material@https://registry.npmjs.org/@mui/material/-/material-5.16.6.tgz. Extracting by manifest.
430 silly tarball no local data for @emotion/styled@https://registry.npmjs.org/@emotion/styled/-/styled-11.13.0.tgz. Extracting by manifest.
431 silly tarball no local data for @emotion/react@https://registry.npmjs.org/@emotion/react/-/react-11.13.0.tgz. Extracting by manifest.
432 silly tarball no local data for react-is@https://registry.npmjs.org/react-is/-/react-is-18.3.1.tgz. Extracting by manifest.
433 silly tarball no local data for has-flag@https://registry.npmjs.org/has-flag/-/has-flag-3.0.0.tgz. Extracting by manifest.
434 silly tarball no local data for escape-string-regexp@https://registry.npmjs.org/escape-string-regexp/-/escape-string-regexp-1.0.5.tgz. Extracting by manifest.
435 silly tarball no local data for color-name@https://registry.npmjs.org/color-name/-/color-name-1.1.3.tgz. Extracting by manifest.
436 silly tarball no local data for chalk@https://registry.npmjs.org/chalk/-/chalk-2.4.2.tgz. Extracting by manifest.
437 silly tarball no local data for ansi-styles@https://registry.npmjs.org/ansi-styles/-/ansi-styles-3.2.1.tgz. Extracting by manifest.
438 silly tarball no local data for react-is@https://registry.npmjs.org/react-is/-/react-is-18.3.1.tgz. Extracting by manifest.
439 silly tarball no local data for color-convert@https://registry.npmjs.org/color-convert/-/color-convert-1.9.3.tgz. Extracting by manifest.
440 silly tarball no local data for babel-plugin-macros@https://registry.npmjs.org/babel-plugin-macros/-/babel-plugin-macros-3.1.0.tgz. Extracting by manifest.
441 silly tarball no local data for globals@https://registry.npmjs.org/globals/-/globals-11.12.0.tgz. Extracting by manifest.
442 silly tarball no local data for supports-color@https://registry.npmjs.org/supports-color/-/supports-color-5.5.0.tgz. Extracting by manifest.
443 http fetch POST 200 https://registry.npmjs.org/-/npm/v1/security/advisories/bulk 235ms
444 timing auditReport:getReport Completed in 241ms
445 silly audit report {}
446 timing auditReport:init Completed in 0ms
447 timing reify:audit Completed in 241ms
448 http fetch GET 200 https://registry.npmjs.org/error-ex/-/error-ex-1.3.2.tgz 473ms (cache miss)
449 http fetch GET 200 https://registry.npmjs.org/lines-and-columns/-/lines-and-columns-1.2.4.tgz 471ms (cache miss)
450 http fetch GET 200 https://registry.npmjs.org/is-arrayish/-/is-arrayish-0.2.1.tgz 476ms (cache miss)
451 http fetch GET 200 https://registry.npmjs.org/parse-json/-/parse-json-5.2.0.tgz 473ms (cache miss)
452 http fetch GET 200 https://registry.npmjs.org/json-parse-even-better-errors/-/json-parse-even-better-errors-2.3.1.tgz 476ms (cache miss)
453 http fetch GET 200 https://registry.npmjs.org/@types/parse-json/-/parse-json-4.0.2.tgz 486ms (cache miss)
454 timing reifyNode:node_modules/parse-json Completed in 598ms
455 timing reifyNode:node_modules/error-ex Completed in 609ms
456 timing reifyNode:node_modules/@types/parse-json Completed in 632ms
457 http fetch GET 200 https://registry.npmjs.org/@mui/types/-/types-7.2.15.tgz 565ms (cache miss)
458 timing reifyNode:node_modules/json-parse-even-better-errors Completed in 655ms
459 http fetch GET 200 https://registry.npmjs.org/@types/react-transition-group/-/react-transition-group-4.4.10.tgz 569ms (cache miss)
460 http fetch GET 200 https://registry.npmjs.org/@mui/core-downloads-tracker/-/core-downloads-tracker-5.16.6.tgz 567ms (cache miss)
461 timing reifyNode:node_modules/@mui/core-downloads-tracker Completed in 658ms
462 http fetch GET 200 https://registry.npmjs.org/@jridgewell/resolve-uri/-/resolve-uri-3.1.2.tgz 571ms (cache miss)
463 timing reifyNode:node_modules/lines-and-columns Completed in 667ms
464 http fetch GET 200 https://registry.npmjs.org/to-fast-properties/-/to-fast-properties-2.0.0.tgz 572ms (cache miss)
465 http fetch GET 200 https://registry.npmjs.org/jsesc/-/jsesc-2.5.2.tgz 574ms (cache miss)
466 http fetch GET 200 https://registry.npmjs.org/@emotion/sheet/-/sheet-1.4.0.tgz 590ms (cache miss)
467 http fetch GET 200 https://registry.npmjs.org/@emotion/is-prop-valid/-/is-prop-valid-1.3.0.tgz 592ms (cache miss)
468 timing reifyNode:node_modules/to-fast-properties Completed in 700ms
469 timing reifyNode:node_modules/@mui/types Completed in 709ms
470 http fetch GET 200 https://registry.npmjs.org/@types/prop-types/-/prop-types-15.7.12.tgz 633ms (cache miss)
471 timing reifyNode:node_modules/@types/prop-types Completed in 717ms
472 http fetch GET 200 https://registry.npmjs.org/@emotion/unitless/-/unitless-0.9.0.tgz 627ms (cache miss)
473 http fetch GET 200 https://registry.npmjs.org/@babel/highlight/-/highlight-7.24.7.tgz 626ms (cache miss)
474 http fetch GET 200 https://registry.npmjs.org/find-root/-/find-root-1.1.0.tgz 624ms (cache miss)
475 http fetch GET 200 https://registry.npmjs.org/@babel/helper-string-parser/-/helper-string-parser-7.24.8.tgz 647ms (cache miss)
476 http fetch GET 200 https://registry.npmjs.org/@babel/helper-module-imports/-/helper-module-imports-7.24.7.tgz 631ms (cache miss)
477 http fetch GET 200 https://registry.npmjs.org/convert-source-map/-/convert-source-map-1.9.0.tgz 639ms (cache miss)
478 http fetch GET 200 https://registry.npmjs.org/@emotion/hash/-/hash-0.9.2.tgz 638ms (cache miss)
479 http fetch GET 200 https://registry.npmjs.org/@emotion/use-insertion-effect-with-fallbacks/-/use-insertion-effect-with-fallbacks-1.1.0.tgz 628ms (cache miss)
480 http fetch GET 200 https://registry.npmjs.org/@emotion/weak-memoize/-/weak-memoize-0.4.0.tgz 630ms (cache miss)
481 http fetch GET 200 https://registry.npmjs.org/@emotion/serialize/-/serialize-1.3.0.tgz 628ms (cache miss)
482 http fetch GET 200 https://registry.npmjs.org/@emotion/utils/-/utils-1.4.0.tgz 631ms (cache miss)
483 http fetch GET 200 https://registry.npmjs.org/react-is/-/react-is-18.3.1.tgz 625ms (cache miss)
484 http fetch GET 200 https://registry.npmjs.org/escape-string-regexp/-/escape-string-regexp-1.0.5.tgz 619ms (cache miss)
485 http fetch GET 200 https://registry.npmjs.org/color-convert/-/color-convert-1.9.3.tgz 615ms (cache miss)
486 http fetch GET 200 https://registry.npmjs.org/has-flag/-/has-flag-3.0.0.tgz 630ms (cache miss)
487 http fetch GET 200 https://registry.npmjs.org/babel-plugin-macros/-/babel-plugin-macros-3.1.0.tgz 621ms (cache miss)
488 timing reifyNode:node_modules/convert-source-map Completed in 762ms
489 http fetch GET 200 https://registry.npmjs.org/color-name/-/color-name-1.1.3.tgz 635ms (cache miss)
490 timing reifyNode:node_modules/@babel/highlight/node_modules/has-flag Completed in 763ms
491 http fetch GET 200 https://registry.npmjs.org/ansi-styles/-/ansi-styles-3.2.1.tgz 635ms (cache miss)
492 timing reifyNode:node_modules/@babel/highlight/node_modules/escape-string-regexp Completed in 764ms
493 http fetch GET 200 https://registry.npmjs.org/supports-color/-/supports-color-5.5.0.tgz 631ms (cache miss)
494 timing reifyNode:node_modules/@babel/highlight/node_modules/ansi-styles Completed in 765ms
495 http fetch GET 200 https://registry.npmjs.org/globals/-/globals-11.12.0.tgz 633ms (cache miss)
496 timing reifyNode:node_modules/is-arrayish Completed in 774ms
497 http fetch GET 200 https://registry.npmjs.org/react-is/-/react-is-18.3.1.tgz 644ms (cache miss)
498 http fetch GET 200 https://registry.npmjs.org/regenerator-runtime/-/regenerator-runtime-0.14.1.tgz 669ms (cache miss)
499 timing reifyNode:node_modules/@babel/highlight Completed in 784ms
500 timing reifyNode:node_modules/@babel/helper-string-parser Completed in 792ms
501 timing reifyNode:node_modules/jsesc Completed in 796ms
502 timing reifyNode:node_modules/babel-plugin-macros Completed in 804ms
503 timing reifyNode:node_modules/regenerator-runtime Completed in 804ms
504 timing reifyNode:node_modules/@babel/highlight/node_modules/supports-color Completed in 808ms
505 timing reifyNode:node_modules/@babel/traverse/node_modules/globals Completed in 815ms
506 http fetch GET 200 https://registry.npmjs.org/@jridgewell/set-array/-/set-array-1.2.1.tgz 726ms (cache miss)
507 timing reifyNode:node_modules/@types/react-transition-group Completed in 819ms
508 timing reifyNode:node_modules/@jridgewell/resolve-uri Completed in 822ms
509 timing reifyNode:node_modules/find-root Completed in 824ms
510 http fetch GET 200 https://registry.npmjs.org/@babel/code-frame/-/code-frame-7.24.7.tgz 727ms (cache miss)
511 timing reifyNode:node_modules/@babel/code-frame Completed in 828ms
512 timing reifyNode:node_modules/@jridgewell/set-array Completed in 833ms
513 timing reifyNode:node_modules/@babel/highlight/node_modules/color-name Completed in 833ms
514 timing reifyNode:node_modules/@babel/highlight/node_modules/color-convert Completed in 838ms
515 http fetch GET 200 https://registry.npmjs.org/clsx/-/clsx-2.1.1.tgz 762ms (cache miss)
516 http fetch GET 200 https://registry.npmjs.org/hoist-non-react-statics/-/hoist-non-react-statics-3.3.2.tgz 740ms (cache miss)
517 timing reifyNode:node_modules/clsx Completed in 861ms
518 http fetch GET 200 https://registry.npmjs.org/chalk/-/chalk-2.4.2.tgz 731ms (cache miss)
519 timing reifyNode:node_modules/@babel/highlight/node_modules/chalk Completed in 864ms
520 timing reifyNode:node_modules/@mui/utils/node_modules/react-is Completed in 866ms
521 timing reifyNode:node_modules/@mui/material/node_modules/react-is Completed in 862ms
522 timing reifyNode:node_modules/hoist-non-react-statics Completed in 867ms
523 http fetch GET 200 https://registry.npmjs.org/@jridgewell/sourcemap-codec/-/sourcemap-codec-1.5.0.tgz 801ms (cache miss)
524 http fetch GET 200 https://registry.npmjs.org/@jridgewell/gen-mapping/-/gen-mapping-0.3.5.tgz 807ms (cache miss)
525 timing reifyNode:node_modules/@jridgewell/sourcemap-codec Completed in 905ms
526 http fetch GET 200 https://registry.npmjs.org/@babel/helper-validator-identifier/-/helper-validator-identifier-7.24.7.tgz 818ms (cache miss)
527 timing reifyNode:node_modules/@jridgewell/gen-mapping Completed in 918ms
528 timing reifyNode:node_modules/@babel/helper-validator-identifier Completed in 922ms
529 timing reifyNode:node_modules/@babel/helper-module-imports Completed in 925ms
530 http fetch GET 200 https://registry.npmjs.org/@emotion/memoize/-/memoize-0.9.0.tgz 868ms (cache miss)
531 timing reifyNode:node_modules/@emotion/sheet Completed in 986ms
532 timing reifyNode:node_modules/@emotion/memoize Completed in 988ms
533 timing reifyNode:node_modules/@emotion/unitless Completed in 995ms
534 timing reifyNode:node_modules/@emotion/serialize Completed in 992ms
535 timing reifyNode:node_modules/@emotion/is-prop-valid Completed in 1001ms
536 timing reifyNode:node_modules/@emotion/weak-memoize Completed in 1000ms
537 timing reifyNode:node_modules/@emotion/hash Completed in 1002ms
538 timing reifyNode:node_modules/@emotion/use-insertion-effect-with-fallbacks Completed in 1005ms
539 http fetch GET 200 https://registry.npmjs.org/@jridgewell/trace-mapping/-/trace-mapping-0.3.25.tgz 920ms (cache miss)
540 http fetch GET 200 https://registry.npmjs.org/@types/react/-/react-18.3.3.tgz 948ms (cache miss)
541 timing reifyNode:node_modules/@jridgewell/trace-mapping Completed in 1032ms
542 http fetch GET 200 https://registry.npmjs.org/@babel/template/-/template-7.25.0.tgz 937ms (cache miss)
543 timing reifyNode:node_modules/@types/react Completed in 1041ms
544 timing reifyNode:node_modules/@babel/template Completed in 1050ms
545 timing reifyNode:node_modules/@emotion/utils Completed in 1061ms
546 http fetch GET 200 https://registry.npmjs.org/csstype/-/csstype-3.1.3.tgz 981ms (cache miss)
547 timing reifyNode:node_modules/csstype Completed in 1074ms
548 http fetch GET 200 https://registry.npmjs.org/stylis/-/stylis-4.2.0.tgz 976ms (cache miss)
549 timing reifyNode:node_modules/stylis Completed in 1079ms
550 http fetch GET 200 https://registry.npmjs.org/@emotion/babel-plugin/-/babel-plugin-11.12.0.tgz 1031ms (cache miss)
551 timing reifyNode:node_modules/@emotion/babel-plugin Completed in 1157ms
552 http fetch GET 200 https://registry.npmjs.org/source-map/-/source-map-0.5.7.tgz 1065ms (cache miss)
553 timing reifyNode:node_modules/source-map Completed in 1174ms
554 http fetch GET 200 https://registry.npmjs.org/cosmiconfig/-/cosmiconfig-7.1.0.tgz 1203ms (cache miss)
555 timing reifyNode:node_modules/cosmiconfig Completed in 1293ms
556 http fetch GET 200 https://registry.npmjs.org/@emotion/cache/-/cache-11.13.1.tgz 1194ms (cache miss)
557 http fetch GET 200 https://registry.npmjs.org/@babel/parser/-/parser-7.25.3.tgz 1219ms (cache miss)
558 timing reifyNode:node_modules/@emotion/cache Completed in 1316ms
559 timing reifyNode:node_modules/@babel/parser Completed in 1324ms
560 http fetch GET 200 https://registry.npmjs.org/react-transition-group/-/react-transition-group-4.4.5.tgz 1250ms (cache miss)
561 timing reifyNode:node_modules/react-transition-group Completed in 1335ms
562 http fetch GET 200 https://registry.npmjs.org/@mui/private-theming/-/private-theming-5.16.6.tgz 1253ms (cache miss)
563 http fetch GET 200 https://registry.npmjs.org/@babel/generator/-/generator-7.25.0.tgz 1239ms (cache miss)
564 http fetch GET 200 https://registry.npmjs.org/@mui/styled-engine/-/styled-engine-5.16.6.tgz 1258ms (cache miss)
565 timing reifyNode:node_modules/@mui/private-theming Completed in 1344ms
566 timing reifyNode:node_modules/@babel/generator Completed in 1343ms
567 timing reifyNode:node_modules/@mui/styled-engine Completed in 1348ms
568 http fetch GET 200 https://registry.npmjs.org/yaml/-/yaml-1.10.2.tgz 1341ms (cache miss)
569 timing reifyNode:node_modules/yaml Completed in 1424ms
570 http fetch GET 200 https://registry.npmjs.org/@babel/traverse/-/traverse-7.25.3.tgz 1365ms (cache miss)
571 timing reifyNode:node_modules/@babel/traverse Completed in 1470ms
572 http fetch GET 200 https://registry.npmjs.org/@emotion/styled/-/styled-11.13.0.tgz 1416ms (cache miss)
573 timing reifyNode:node_modules/@emotion/styled Completed in 1534ms
574 http fetch GET 200 https://registry.npmjs.org/@emotion/react/-/react-11.13.0.tgz 1818ms (cache miss)
575 timing reifyNode:node_modules/@emotion/react Completed in 1938ms
576 http fetch GET 200 https://registry.npmjs.org/@babel/runtime/-/runtime-7.25.0.tgz 2036ms (cache miss)
577 timing reifyNode:node_modules/@babel/runtime Completed in 2154ms
578 http fetch GET 200 https://registry.npmjs.org/@babel/types/-/types-7.25.2.tgz 2063ms (cache miss)
579 timing reifyNode:node_modules/@babel/types Completed in 2167ms
580 http fetch GET 200 https://registry.npmjs.org/dom-helpers/-/dom-helpers-5.2.1.tgz 2218ms (cache miss)
581 timing reifyNode:node_modules/dom-helpers Completed in 2296ms
582 http fetch GET 200 https://registry.npmjs.org/@popperjs/core/-/core-2.11.8.tgz 2263ms (cache miss)
583 timing reifyNode:node_modules/@popperjs/core Completed in 2353ms
584 http fetch GET 200 https://registry.npmjs.org/@mui/system/-/system-5.16.6.tgz 2515ms (cache miss)
585 timing reifyNode:node_modules/@mui/system Completed in 2605ms
586 http fetch GET 200 https://registry.npmjs.org/@mui/utils/-/utils-5.16.6.tgz 2885ms (cache miss)
587 timing reifyNode:node_modules/@mui/utils Completed in 2975ms
588 http fetch GET 200 https://registry.npmjs.org/@mui/material/-/material-5.16.6.tgz 7115ms (cache miss)
589 timing reifyNode:node_modules/@mui/material Completed in 7233ms
590 timing reify:unpack Completed in 7238ms
591 timing reify:unretire Completed in 0ms
592 timing build:queue Completed in 7ms
593 timing build:link:node_modules/jsesc Completed in 7ms
594 timing build:link:node_modules/@babel/parser Completed in 8ms
595 timing build:link Completed in 8ms
596 timing build:deps Completed in 16ms
597 timing build Completed in 17ms
598 timing reify:build Completed in 18ms
599 timing reify:trash Completed in 2ms
600 timing reify:save Completed in 143ms
601 timing reify Completed in 10993ms
602 silly ADD node_modules/dom-helpers
603 silly ADD node_modules/is-arrayish
604 silly ADD node_modules/lines-and-columns
605 silly ADD node_modules/json-parse-even-better-errors
606 silly ADD node_modules/error-ex
607 silly ADD node_modules/yaml
608 silly ADD node_modules/parse-json
609 silly ADD node_modules/@types/parse-json
610 silly ADD node_modules/cosmiconfig
611 silly ADD node_modules/@types/react
612 silly ADD node_modules/@types/prop-types
613 silly ADD node_modules/@mui/styled-engine
614 silly ADD node_modules/@mui/private-theming
615 silly ADD node_modules/react-transition-group
616 silly ADD node_modules/clsx
617 silly ADD node_modules/@types/react-transition-group
618 silly ADD node_modules/@popperjs/core
619 silly ADD node_modules/@mui/utils
620 silly ADD node_modules/@mui/utils/node_modules/react-is
621 silly ADD node_modules/@mui/types
622 silly ADD node_modules/@mui/system
623 silly ADD node_modules/@mui/core-downloads-tracker
624 silly ADD node_modules/@jridgewell/resolve-uri
625 silly ADD node_modules/@jridgewell/sourcemap-codec
626 silly ADD node_modules/@jridgewell/set-array
627 silly ADD node_modules/@emotion/is-prop-valid
628 silly ADD node_modules/csstype
629 silly ADD node_modules/@emotion/unitless
630 silly ADD node_modules/@emotion/sheet
631 silly ADD node_modules/to-fast-properties
632 silly ADD node_modules/@babel/helper-string-parser
633 silly ADD node_modules/@babel/helper-validator-identifier
634 silly ADD node_modules/jsesc
635 silly ADD node_modules/@jridgewell/trace-mapping
636 silly ADD node_modules/@jridgewell/gen-mapping
637 silly ADD node_modules/@babel/highlight
638 silly ADD node_modules/@babel/highlight/node_modules/has-flag
639 silly ADD node_modules/@babel/highlight/node_modules/color-name
640 silly ADD node_modules/@babel/highlight/node_modules/color-convert
641 silly ADD node_modules/@babel/highlight/node_modules/supports-color
642 silly ADD node_modules/@babel/highlight/node_modules/escape-string-regexp
643 silly ADD node_modules/@babel/highlight/node_modules/ansi-styles
644 silly ADD node_modules/@babel/highlight/node_modules/chalk
645 silly ADD node_modules/@babel/template
646 silly ADD node_modules/@babel/parser
647 silly ADD node_modules/@babel/generator
648 silly ADD node_modules/@babel/code-frame
649 silly ADD node_modules/@babel/types
650 silly ADD node_modules/@babel/traverse
651 silly ADD node_modules/@babel/traverse/node_modules/globals
652 silly ADD node_modules/stylis
653 silly ADD node_modules/source-map
654 silly ADD node_modules/find-root
655 silly ADD node_modules/convert-source-map
656 silly ADD node_modules/babel-plugin-macros
657 silly ADD node_modules/@emotion/memoize
658 silly ADD node_modules/@emotion/hash
659 silly ADD node_modules/@babel/helper-module-imports
660 silly ADD node_modules/regenerator-runtime
661 silly ADD node_modules/hoist-non-react-statics
662 silly ADD node_modules/@emotion/weak-memoize
663 silly ADD node_modules/@emotion/utils
664 silly ADD node_modules/@emotion/use-insertion-effect-with-fallbacks
665 silly ADD node_modules/@emotion/serialize
666 silly ADD node_modules/@emotion/cache
667 silly ADD node_modules/@emotion/babel-plugin
668 silly ADD node_modules/@babel/runtime
669 silly ADD node_modules/@mui/material
670 silly ADD node_modules/@mui/material/node_modules/react-is
671 silly ADD node_modules/@emotion/styled
672 silly ADD node_modules/@emotion/react
673 silly ADD
674 silly ADD
675 silly ADD
676 silly ADD
677 silly ADD
678 silly ADD
679 silly ADD
680 silly ADD
681 timing command:install Completed in 11004ms
682 verbose exit 0
683 timing npm Completed in 11719ms
684 info ok
