0 verbose cli C:\Program Files\nodejs\node.exe C:\Program Files\nodejs\node_modules\npm\bin\npm-cli.js
1 info using npm@10.5.2
2 info using node@v20.13.1
3 timing npm:load:whichnode Completed in 2ms
4 timing config:load:defaults Completed in 4ms
5 timing config:load:file:C:\Program Files\nodejs\node_modules\npm\npmrc Completed in 4ms
6 timing config:load:builtin Completed in 4ms
7 timing config:load:cli Completed in 3ms
8 timing config:load:env Completed in 0ms
9 timing config:load:file:C:\Users\surya\OneDrive\Desktop\inventory\inventory_management\.npmrc Completed in 0ms
10 timing config:load:project Completed in 2ms
11 timing config:load:file:C:\Users\surya\.npmrc Completed in 1ms
12 timing config:load:user Completed in 2ms
13 timing config:load:file:C:\Users\surya\OneDrive\Desktop\inventory\inventory_management\UserssuryaAppDataRoamingnpm\etc\npmrc Completed in 0ms
14 timing config:load:global Completed in 0ms
15 timing config:load:setEnvs Completed in 2ms
16 timing config:load Completed in 19ms
17 timing npm:load:configload Completed in 19ms
18 timing config:load:flatten Completed in 8ms
19 timing npm:load:mkdirpcache Completed in 0ms
20 timing npm:load:mkdirplogs Completed in 0ms
21 verbose title npm install firebase
22 verbose argv "install" "firebase"
23 timing npm:load:setTitle Completed in 1ms
24 timing npm:load:display Completed in 0ms
25 verbose logfile logs-max:10 dir:C:\Users\surya\OneDrive\Desktop\inventory\inventory_management\UserssuryaAppDataLocalnpm-cache\_logs\2024-08-01T18_48_59_511Z-
26 verbose logfile C:\Users\surya\OneDrive\Desktop\inventory\inventory_management\UserssuryaAppDataLocalnpm-cache\_logs\2024-08-01T18_48_59_511Z-debug-0.log
27 timing npm:load:logFile Completed in 75ms
28 timing npm:load:timers Completed in 1ms
29 timing npm:load:configScope Completed in 0ms
30 timing npm:load Completed in 144ms
31 timing arborist:ctor Completed in 1ms
32 silly logfile done cleaning log files
33 timing idealTree:init Completed in 340ms
34 timing idealTree:userRequests Completed in 5ms
35 silly idealTree buildDeps
36 silly fetch manifest firebase@*
37 timing arborist:ctor Completed in 1ms
38 http fetch GET 200 https://registry.npmjs.org/firebase 1796ms (cache miss)
39 silly placeDep ROOT firebase@10.12.4 OK for: inventory_management@0.1.0 want: *
40 silly fetch manifest @firebase/app@0.10.7
41 silly fetch manifest @firebase/auth@1.7.5
42 silly fetch manifest @firebase/util@1.9.7
43 silly fetch manifest @firebase/storage@0.12.6
44 silly fetch manifest @firebase/database@1.0.6
45 silly fetch manifest @firebase/analytics@0.10.6
46 silly fetch manifest @firebase/app-check@0.8.6
47 silly fetch manifest @firebase/app-types@0.9.2
48 silly fetch manifest @firebase/firestore@4.6.4
49 silly fetch manifest @firebase/functions@0.11.6
50 silly fetch manifest @firebase/messaging@0.12.10
51 http fetch GET 200 https://registry.npmjs.org/@firebase%2fapp-check 1687ms (cache miss)
52 silly fetch manifest @firebase/app-compat@0.2.37
53 http fetch GET 200 https://registry.npmjs.org/@firebase%2fapp 2402ms (cache miss)
54 silly fetch manifest @firebase/auth-compat@0.5.10
55 http fetch GET 200 https://registry.npmjs.org/@firebase%2fapp-types 2637ms (cache miss)
56 silly fetch manifest @firebase/performance@0.6.8
57 http fetch GET 200 https://registry.npmjs.org/@firebase%2fanalytics 2842ms (cache miss)
58 silly fetch manifest @firebase/installations@0.6.8
59 http fetch GET 200 https://registry.npmjs.org/@firebase%2fapp-compat 1346ms (cache miss)
60 silly fetch manifest @firebase/remote-config@0.4.8
61 http fetch GET 200 https://registry.npmjs.org/@firebase%2futil 3407ms (cache miss)
62 silly fetch manifest @firebase/storage-compat@0.3.9
63 http fetch GET 200 https://registry.npmjs.org/@firebase%2fstorage 3691ms (cache miss)
64 silly fetch manifest @firebase/database-compat@1.0.6
65 http fetch GET 200 https://registry.npmjs.org/@firebase%2fmessaging 3790ms (cache miss)
66 silly fetch manifest @firebase/analytics-compat@0.2.12
67 http fetch GET 200 https://registry.npmjs.org/@firebase%2ffunctions 3907ms (cache miss)
68 silly fetch manifest @firebase/app-check-compat@0.3.13
69 http fetch GET 200 https://registry.npmjs.org/@firebase%2fauth-compat 1536ms (cache miss)
70 silly fetch manifest @firebase/firestore-compat@0.3.33
71 http fetch GET 200 https://registry.npmjs.org/@firebase%2fdatabase 4238ms (cache miss)
72 silly fetch manifest @firebase/functions-compat@0.3.12
73 http fetch GET 200 https://registry.npmjs.org/@firebase%2fauth 4345ms (cache miss)
74 silly fetch manifest @firebase/messaging-compat@0.2.10
75 http fetch GET 200 https://registry.npmjs.org/@firebase%2fstorage-compat 1254ms (cache miss)
76 silly fetch manifest @firebase/vertexai-preview@0.0.3
77 http fetch GET 200 https://registry.npmjs.org/@firebase%2fdatabase-compat 1038ms (cache miss)
78 silly fetch manifest @firebase/performance-compat@0.2.8
79 http fetch GET 200 https://registry.npmjs.org/@firebase%2fanalytics-compat 986ms (cache miss)
80 silly fetch manifest @firebase/installations-compat@0.2.8
81 http fetch GET 200 https://registry.npmjs.org/@firebase%2fvertexai-preview 158ms (cache miss)
82 silly fetch manifest @firebase/remote-config-compat@0.2.8
83 http fetch GET 200 https://registry.npmjs.org/@firebase%2fapp-check-compat 868ms (cache miss)
84 http fetch GET 200 https://registry.npmjs.org/@firebase%2ffunctions-compat 683ms (cache miss)
85 http fetch GET 200 https://registry.npmjs.org/@firebase%2fmessaging-compat 616ms (cache miss)
86 http fetch GET 200 https://registry.npmjs.org/@firebase%2ffirestore-compat 964ms (cache miss)
87 http fetch GET 200 https://registry.npmjs.org/@firebase%2fperformance 2559ms (cache miss)
88 http fetch GET 200 https://registry.npmjs.org/@firebase%2fremote-config 2310ms (cache miss)
89 http fetch GET 200 https://registry.npmjs.org/@firebase%2finstallations 2594ms (cache miss)
90 http fetch GET 200 https://registry.npmjs.org/@firebase%2fperformance-compat 807ms (cache miss)
91 http fetch GET 200 https://registry.npmjs.org/@firebase%2finstallations-compat 803ms (cache miss)
92 http fetch GET 200 https://registry.npmjs.org/@firebase%2fremote-config-compat 802ms (cache miss)
93 http fetch GET 200 https://registry.npmjs.org/@firebase%2ffirestore 5786ms (cache miss)
94 timing idealTree:#root Completed in 8305ms
95 silly fetch manifest @react-native-async-storage/async-storage@^1.18.1
96 http fetch GET 200 https://registry.npmjs.org/@react-native-async-storage%2fasync-storage 125ms (cache miss)
97 silly fetch manifest react-native@^0.0.0-0 || >=0.60 <1.0
98 http fetch GET 200 https://registry.npmjs.org/react-native 363ms (cache miss)
99 silly fetch manifest @types/react@^18.2.6
100 http fetch GET 200 https://registry.npmjs.org/@types%2freact 93ms (cache revalidated)
101 silly fetch manifest react@18.2.0
102 http fetch GET 200 https://registry.npmjs.org/react 73ms (cache revalidated)
103 silly placeDep ROOT @firebase/analytics@0.10.6 OK for: firebase@10.12.4 want: 0.10.6
104 silly placeDep ROOT @firebase/app@0.10.7 OK for: @firebase/analytics@0.10.6 want: 0.x
105 silly placeDep ROOT @firebase/analytics-compat@0.2.12 OK for: firebase@10.12.4 want: 0.2.12
106 silly placeDep ROOT @firebase/app-compat@0.2.37 OK for: @firebase/analytics-compat@0.2.12 want: 0.x
107 silly placeDep ROOT @firebase/app-check@0.8.6 OK for: firebase@10.12.4 want: 0.8.6
108 silly placeDep ROOT @firebase/app-check-compat@0.3.13 OK for: firebase@10.12.4 want: 0.3.13
109 silly placeDep ROOT @firebase/app-types@0.9.2 OK for: firebase@10.12.4 want: 0.9.2
110 silly placeDep node_modules/firebase @firebase/auth@1.7.5 OK for: firebase@10.12.4 want: 1.7.5
111 silly placeDep ROOT @firebase/auth-compat@0.5.10 OK for: firebase@10.12.4 want: 0.5.10
112 silly placeDep ROOT @firebase/database@1.0.6 OK for: firebase@10.12.4 want: 1.0.6
113 silly placeDep ROOT @firebase/database-compat@1.0.6 OK for: firebase@10.12.4 want: 1.0.6
114 silly placeDep ROOT @firebase/firestore@4.6.4 OK for: firebase@10.12.4 want: 4.6.4
115 silly placeDep ROOT @firebase/firestore-compat@0.3.33 OK for: firebase@10.12.4 want: 0.3.33
116 silly placeDep ROOT @firebase/functions@0.11.6 OK for: firebase@10.12.4 want: 0.11.6
117 silly placeDep ROOT @firebase/functions-compat@0.3.12 OK for: firebase@10.12.4 want: 0.3.12
118 silly placeDep ROOT @firebase/installations@0.6.8 OK for: firebase@10.12.4 want: 0.6.8
119 silly placeDep ROOT @firebase/installations-compat@0.2.8 OK for: firebase@10.12.4 want: 0.2.8
120 silly placeDep ROOT @firebase/messaging@0.12.10 OK for: firebase@10.12.4 want: 0.12.10
121 silly placeDep ROOT @firebase/messaging-compat@0.2.10 OK for: firebase@10.12.4 want: 0.2.10
122 silly placeDep ROOT @firebase/performance@0.6.8 OK for: firebase@10.12.4 want: 0.6.8
123 silly placeDep ROOT @firebase/performance-compat@0.2.8 OK for: firebase@10.12.4 want: 0.2.8
124 silly placeDep ROOT @firebase/remote-config@0.4.8 OK for: firebase@10.12.4 want: 0.4.8
125 silly placeDep ROOT @firebase/remote-config-compat@0.2.8 OK for: firebase@10.12.4 want: 0.2.8
126 silly placeDep ROOT @firebase/storage@0.12.6 OK for: firebase@10.12.4 want: 0.12.6
127 silly placeDep ROOT @firebase/storage-compat@0.3.9 OK for: firebase@10.12.4 want: 0.3.9
128 silly placeDep ROOT @firebase/util@1.9.7 OK for: firebase@10.12.4 want: 1.9.7
129 silly placeDep ROOT @firebase/vertexai-preview@0.0.3 OK for: firebase@10.12.4 want: 0.0.3
130 silly fetch manifest safevalues@0.6.0
131 silly fetch manifest @firebase/logger@0.4.2
132 silly fetch manifest @firebase/component@0.6.8
133 silly fetch manifest idb@7.1.1
134 silly fetch manifest @firebase/analytics-types@0.8.2
135 http fetch GET 200 https://registry.npmjs.org/safevalues 66ms (cache miss)
136 http fetch GET 200 https://registry.npmjs.org/idb 78ms (cache miss)
137 http fetch GET 200 https://registry.npmjs.org/@firebase%2fcomponent 374ms (cache miss)
138 silly fetch manifest @firebase/app-check-types@0.5.2
139 silly fetch manifest undici@5.28.4
140 silly fetch manifest @firebase/auth-types@0.12.2
141 http fetch GET 200 https://registry.npmjs.org/@firebase%2flogger 544ms (cache miss)
142 silly fetch manifest faye-websocket@0.11.4
143 silly fetch manifest @firebase/auth-interop-types@0.2.3
144 silly fetch manifest @firebase/app-check-interop-types@0.3.2
145 silly fetch manifest @firebase/database-types@1.0.4
146 silly fetch manifest @grpc/grpc-js@~1.9.0
147 http fetch GET 200 https://registry.npmjs.org/undici 354ms (cache miss)
148 silly fetch manifest @grpc/proto-loader@^0.7.8
149 silly fetch manifest @firebase/webchannel-wrapper@1.0.1
150 silly fetch manifest @firebase/firestore-types@3.0.2
151 http fetch GET 200 https://registry.npmjs.org/faye-websocket 161ms (cache miss)
152 http fetch GET 200 https://registry.npmjs.org/@grpc%2fproto-loader 193ms (cache miss)
153 http fetch GET 200 https://registry.npmjs.org/@grpc%2fgrpc-js 248ms (cache miss)
154 silly fetch manifest @firebase/messaging-interop-types@0.2.2
155 http fetch GET 200 https://registry.npmjs.org/@firebase%2fapp-check-types 657ms (cache miss)
156 silly fetch manifest @firebase/functions-types@0.6.2
157 http fetch GET 200 https://registry.npmjs.org/@firebase%2fapp-check-interop-types 623ms (cache miss)
158 silly fetch manifest @firebase/installations-types@0.5.2
159 http fetch GET 200 https://registry.npmjs.org/@firebase%2fanalytics-types 1478ms (cache miss)
160 silly fetch manifest @firebase/performance-types@0.2.2
161 http fetch GET 200 https://registry.npmjs.org/@firebase%2fmessaging-interop-types 710ms (cache miss)
162 silly fetch manifest @firebase/remote-config-types@0.3.2
163 silly fetch manifest @firebase/storage-types@0.8.2
164 http fetch GET 200 https://registry.npmjs.org/@firebase%2fdatabase-types 1181ms (cache miss)
165 http fetch GET 200 https://registry.npmjs.org/@firebase%2fauth-types 1642ms (cache miss)
166 http fetch GET 200 https://registry.npmjs.org/@firebase%2fauth-interop-types 1547ms (cache miss)
167 http fetch GET 200 https://registry.npmjs.org/@firebase%2ffirestore-types 1563ms (cache miss)
168 http fetch GET 200 https://registry.npmjs.org/@firebase%2ffunctions-types 1645ms (cache miss)
169 http fetch GET 200 https://registry.npmjs.org/@firebase%2finstallations-types 1431ms (cache miss)
170 http fetch GET 200 https://registry.npmjs.org/@firebase%2fremote-config-types 1137ms (cache miss)
171 http fetch GET 200 https://registry.npmjs.org/@firebase%2fperformance-types 1441ms (cache miss)
172 http fetch GET 200 https://registry.npmjs.org/@firebase%2fwebchannel-wrapper 2211ms (cache miss)
173 http fetch GET 200 https://registry.npmjs.org/@firebase%2fstorage-types 1342ms (cache miss)
174 timing idealTree:node_modules/firebase Completed in 4205ms
175 silly placeDep ROOT @firebase/component@0.6.8 OK for: @firebase/analytics@0.10.6 want: 0.6.8
176 silly placeDep ROOT @firebase/logger@0.4.2 OK for: @firebase/analytics@0.10.6 want: 0.4.2
177 silly placeDep ROOT safevalues@0.6.0 OK for: @firebase/analytics@0.10.6 want: 0.6.0
178 timing idealTree:node_modules/@firebase/analytics Completed in 8ms
179 silly placeDep ROOT @firebase/analytics-types@0.8.2 OK for: @firebase/analytics-compat@0.2.12 want: 0.8.2
180 timing idealTree:node_modules/@firebase/analytics-compat Completed in 1ms
181 timing idealTree:node_modules/@firebase/analytics-types Completed in 0ms
182 silly placeDep ROOT idb@7.1.1 OK for: @firebase/app@0.10.7 want: 7.1.1
183 timing idealTree:node_modules/@firebase/app Completed in 1ms
184 timing idealTree:node_modules/@firebase/app-check Completed in 0ms
185 silly placeDep ROOT @firebase/app-check-types@0.5.2 OK for: @firebase/app-check-compat@0.3.13 want: 0.5.2
186 timing idealTree:node_modules/@firebase/app-check-compat Completed in 2ms
187 timing idealTree:node_modules/@firebase/app-check-types Completed in 0ms
188 timing idealTree:node_modules/@firebase/app-compat Completed in 0ms
189 timing idealTree:node_modules/@firebase/app-types Completed in 0ms
190 silly fetch manifest @firebase/app@0.x
191 silly fetch manifest @firebase/app-types@0.x
192 silly placeDep node_modules/@firebase/auth-compat @firebase/auth@1.7.5 OK for: @firebase/auth-compat@0.5.10 want: 1.7.5
193 silly placeDep ROOT @firebase/auth-types@0.12.2 OK for: @firebase/auth-compat@0.5.10 want: 0.12.2
194 silly placeDep ROOT undici@5.28.4 OK for: @firebase/auth-compat@0.5.10 want: 5.28.4
195 silly fetch manifest @fastify/busboy@^2.0.0
196 http fetch GET 200 https://registry.npmjs.org/@fastify%2fbusboy 87ms (cache miss)
197 timing idealTree:node_modules/@firebase/auth-compat Completed in 116ms
198 timing idealTree:node_modules/@firebase/auth-types Completed in 0ms
199 timing idealTree:node_modules/@firebase/component Completed in 0ms
200 silly placeDep ROOT @firebase/app-check-interop-types@0.3.2 OK for: @firebase/database@1.0.6 want: 0.3.2
201 silly placeDep ROOT @firebase/auth-interop-types@0.2.3 OK for: @firebase/database@1.0.6 want: 0.2.3
202 silly placeDep ROOT faye-websocket@0.11.4 OK for: @firebase/database@1.0.6 want: 0.11.4
203 silly fetch manifest websocket-driver@>=0.5.1
204 http fetch GET 200 https://registry.npmjs.org/websocket-driver 35ms (cache miss)
205 timing idealTree:node_modules/@firebase/database Completed in 45ms
206 timing idealTree:node_modules/@firebase/app-check-interop-types Completed in 0ms
207 timing idealTree:node_modules/@firebase/auth-interop-types Completed in 0ms
208 silly placeDep ROOT @firebase/database-types@1.0.4 OK for: @firebase/database-compat@1.0.6 want: 1.0.4
209 timing idealTree:node_modules/@firebase/database-compat Completed in 2ms
210 timing idealTree:node_modules/@firebase/database-types Completed in 0ms
211 silly placeDep ROOT @firebase/webchannel-wrapper@1.0.1 OK for: @firebase/firestore@4.6.4 want: 1.0.1
212 silly placeDep ROOT @grpc/grpc-js@1.9.15 OK for: @firebase/firestore@4.6.4 want: ~1.9.0
213 silly placeDep ROOT @grpc/proto-loader@0.7.13 OK for: @firebase/firestore@4.6.4 want: ^0.7.8
214 silly fetch manifest @types/node@>=12.12.47
215 silly fetch manifest lodash.camelcase@^4.3.0
216 silly fetch manifest long@^5.0.0
217 silly fetch manifest protobufjs@^7.2.5
218 silly fetch manifest yargs@^17.7.2
219 http fetch GET 200 https://registry.npmjs.org/lodash.camelcase 56ms (cache miss)
220 http fetch GET 200 https://registry.npmjs.org/long 65ms (cache miss)
221 http fetch GET 200 https://registry.npmjs.org/protobufjs 109ms (cache miss)
222 http fetch GET 200 https://registry.npmjs.org/yargs 146ms (cache miss)
223 http fetch GET 200 https://registry.npmjs.org/@types%2fnode 354ms (cache miss)
224 timing idealTree:node_modules/@firebase/firestore Completed in 542ms
225 silly placeDep ROOT @firebase/firestore-types@3.0.2 OK for: @firebase/firestore-compat@0.3.33 want: 3.0.2
226 timing idealTree:node_modules/@firebase/firestore-compat Completed in 5ms
227 timing idealTree:node_modules/@firebase/firestore-types Completed in 0ms
228 silly placeDep ROOT @firebase/messaging-interop-types@0.2.2 OK for: @firebase/functions@0.11.6 want: 0.2.2
229 timing idealTree:node_modules/@firebase/functions Completed in 2ms
230 silly placeDep ROOT @firebase/functions-types@0.6.2 OK for: @firebase/functions-compat@0.3.12 want: 0.6.2
231 timing idealTree:node_modules/@firebase/functions-compat Completed in 2ms
232 timing idealTree:node_modules/@firebase/functions-types Completed in 0ms
233 timing idealTree:node_modules/@firebase/installations Completed in 0ms
234 silly placeDep ROOT @firebase/installations-types@0.5.2 OK for: @firebase/installations-compat@0.2.8 want: 0.5.2
235 timing idealTree:node_modules/@firebase/installations-compat Completed in 3ms
236 timing idealTree:node_modules/@firebase/installations-types Completed in 0ms
237 timing idealTree:node_modules/@firebase/logger Completed in 0ms
238 timing idealTree:node_modules/@firebase/messaging Completed in 0ms
239 timing idealTree:node_modules/@firebase/messaging-compat Completed in 0ms
240 timing idealTree:node_modules/@firebase/messaging-interop-types Completed in 0ms
241 timing idealTree:node_modules/@firebase/performance Completed in 0ms
242 silly placeDep ROOT @firebase/performance-types@0.2.2 OK for: @firebase/performance-compat@0.2.8 want: 0.2.2
243 timing idealTree:node_modules/@firebase/performance-compat Completed in 2ms
244 timing idealTree:node_modules/@firebase/performance-types Completed in 0ms
245 timing idealTree:node_modules/@firebase/remote-config Completed in 0ms
246 silly placeDep ROOT @firebase/remote-config-types@0.3.2 OK for: @firebase/remote-config-compat@0.2.8 want: 0.3.2
247 timing idealTree:node_modules/@firebase/remote-config-compat Completed in 2ms
248 timing idealTree:node_modules/@firebase/remote-config-types Completed in 0ms
249 timing idealTree:node_modules/@firebase/storage Completed in 0ms
250 silly placeDep ROOT @firebase/storage-types@0.8.2 OK for: @firebase/storage-compat@0.3.9 want: 0.8.2
251 timing idealTree:node_modules/@firebase/storage-compat Completed in 30ms
252 timing idealTree:node_modules/@firebase/storage-types Completed in 0ms
253 timing idealTree:node_modules/@firebase/util Completed in 0ms
254 timing idealTree:node_modules/@firebase/vertexai-preview Completed in 0ms
255 timing idealTree:node_modules/@firebase/webchannel-wrapper Completed in 0ms
256 silly placeDep ROOT @types/node@22.0.2 OK for: @grpc/grpc-js@1.9.15 want: >=12.12.47
257 silly fetch manifest undici-types@~6.11.1
258 http fetch GET 200 https://registry.npmjs.org/undici-types 79ms (cache miss)
259 timing idealTree:node_modules/@grpc/grpc-js Completed in 86ms
260 silly placeDep ROOT lodash.camelcase@4.3.0 OK for: @grpc/proto-loader@0.7.13 want: ^4.3.0
261 silly placeDep ROOT long@5.2.3 OK for: @grpc/proto-loader@0.7.13 want: ^5.0.0
262 silly placeDep ROOT protobufjs@7.3.2 OK for: @grpc/proto-loader@0.7.13 want: ^7.2.5
263 silly placeDep ROOT yargs@17.7.2 OK for: @grpc/proto-loader@0.7.13 want: ^17.7.2
264 silly fetch manifest @protobufjs/aspromise@^1.1.2
265 silly fetch manifest @protobufjs/base64@^1.1.2
266 silly fetch manifest @protobufjs/codegen@^2.0.4
267 silly fetch manifest @protobufjs/eventemitter@^1.1.0
268 silly fetch manifest @protobufjs/fetch@^1.1.0
269 silly fetch manifest @protobufjs/float@^1.0.2
270 silly fetch manifest @protobufjs/inquire@^1.1.0
271 silly fetch manifest @protobufjs/path@^1.1.2
272 silly fetch manifest @protobufjs/pool@^1.1.0
273 silly fetch manifest @protobufjs/utf8@^1.1.0
274 silly fetch manifest y18n@^5.0.5
275 http fetch GET 200 https://registry.npmjs.org/y18n 81ms (cache miss)
276 silly fetch manifest cliui@^8.0.1
277 http fetch GET 200 https://registry.npmjs.org/@protobufjs%2feventemitter 179ms (cache miss)
278 silly fetch manifest escalade@^3.1.1
279 http fetch GET 200 https://registry.npmjs.org/@protobufjs%2ffetch 191ms (cache miss)
280 silly fetch manifest string-width@^4.2.3
281 http fetch GET 200 https://registry.npmjs.org/@protobufjs%2ffloat 195ms (cache miss)
282 silly fetch manifest yargs-parser@^21.1.1
283 http fetch GET 200 https://registry.npmjs.org/@protobufjs%2fcodegen 208ms (cache miss)
284 silly fetch manifest get-caller-file@^2.0.5
285 http fetch GET 200 https://registry.npmjs.org/@protobufjs%2faspromise 224ms (cache miss)
286 silly fetch manifest require-directory@^2.1.1
287 http fetch GET 200 https://registry.npmjs.org/@protobufjs%2futf8 216ms (cache miss)
288 http fetch GET 200 https://registry.npmjs.org/@protobufjs%2fpath 223ms (cache miss)
289 http fetch GET 200 https://registry.npmjs.org/@protobufjs%2fbase64 233ms (cache miss)
290 http fetch GET 200 https://registry.npmjs.org/@protobufjs%2finquire 226ms (cache miss)
291 http fetch GET 200 https://registry.npmjs.org/@protobufjs%2fpool 223ms (cache miss)
292 http fetch GET 200 https://registry.npmjs.org/cliui 139ms (cache miss)
293 http fetch GET 200 https://registry.npmjs.org/escalade 73ms (cache miss)
294 http fetch GET 200 https://registry.npmjs.org/require-directory 67ms (cache miss)
295 http fetch GET 200 https://registry.npmjs.org/get-caller-file 85ms (cache miss)
296 http fetch GET 200 https://registry.npmjs.org/yargs-parser 95ms (cache miss)
297 http fetch GET 200 https://registry.npmjs.org/string-width 108ms (cache revalidated)
298 timing idealTree:node_modules/@grpc/proto-loader Completed in 320ms
299 silly placeDep ROOT undici-types@6.11.1 OK for: @types/node@22.0.2 want: ~6.11.1
300 timing idealTree:node_modules/@types/node Completed in 2ms
301 silly placeDep ROOT websocket-driver@0.7.4 OK for: faye-websocket@0.11.4 want: >=0.5.1
302 silly fetch manifest http-parser-js@>=0.5.1
303 silly fetch manifest safe-buffer@>=5.1.0
304 silly fetch manifest websocket-extensions@>=0.1.1
305 http fetch GET 200 https://registry.npmjs.org/safe-buffer 64ms (cache miss)
306 http fetch GET 200 https://registry.npmjs.org/http-parser-js 69ms (cache miss)
307 http fetch GET 200 https://registry.npmjs.org/websocket-extensions 87ms (cache miss)
308 timing idealTree:node_modules/faye-websocket Completed in 95ms
309 timing idealTree:node_modules/idb Completed in 0ms
310 timing idealTree:node_modules/lodash.camelcase Completed in 0ms
311 timing idealTree:node_modules/long Completed in 0ms
312 silly placeDep ROOT @protobufjs/aspromise@1.1.2 OK for: protobufjs@7.3.2 want: ^1.1.2
313 silly placeDep ROOT @protobufjs/base64@1.1.2 OK for: protobufjs@7.3.2 want: ^1.1.2
314 silly placeDep ROOT @protobufjs/codegen@2.0.4 OK for: protobufjs@7.3.2 want: ^2.0.4
315 silly placeDep ROOT @protobufjs/eventemitter@1.1.0 OK for: protobufjs@7.3.2 want: ^1.1.0
316 silly placeDep ROOT @protobufjs/fetch@1.1.0 OK for: protobufjs@7.3.2 want: ^1.1.0
317 silly placeDep ROOT @protobufjs/float@1.0.2 OK for: protobufjs@7.3.2 want: ^1.0.2
318 silly placeDep ROOT @protobufjs/inquire@1.1.0 OK for: protobufjs@7.3.2 want: ^1.1.0
319 silly placeDep ROOT @protobufjs/path@1.1.2 OK for: protobufjs@7.3.2 want: ^1.1.2
320 silly placeDep ROOT @protobufjs/pool@1.1.0 OK for: protobufjs@7.3.2 want: ^1.1.0
321 silly placeDep ROOT @protobufjs/utf8@1.1.0 OK for: protobufjs@7.3.2 want: ^1.1.0
322 timing idealTree:node_modules/protobufjs Completed in 63ms
323 timing idealTree:node_modules/@protobufjs/aspromise Completed in 0ms
324 timing idealTree:node_modules/@protobufjs/base64 Completed in 0ms
325 timing idealTree:node_modules/@protobufjs/codegen Completed in 0ms
326 timing idealTree:node_modules/@protobufjs/eventemitter Completed in 0ms
327 timing idealTree:node_modules/@protobufjs/fetch Completed in 0ms
328 timing idealTree:node_modules/@protobufjs/float Completed in 0ms
329 timing idealTree:node_modules/@protobufjs/inquire Completed in 0ms
330 timing idealTree:node_modules/@protobufjs/path Completed in 0ms
331 timing idealTree:node_modules/@protobufjs/pool Completed in 0ms
332 timing idealTree:node_modules/@protobufjs/utf8 Completed in 0ms
333 timing idealTree:node_modules/safevalues Completed in 0ms
334 silly placeDep ROOT @fastify/busboy@2.1.1 OK for: undici@5.28.4 want: ^2.0.0
335 timing idealTree:node_modules/undici Completed in 4ms
336 timing idealTree:node_modules/@fastify/busboy Completed in 0ms
337 timing idealTree:node_modules/undici-types Completed in 0ms
338 silly placeDep ROOT http-parser-js@0.5.8 OK for: websocket-driver@0.7.4 want: >=0.5.1
339 silly placeDep ROOT safe-buffer@5.2.1 OK for: websocket-driver@0.7.4 want: >=5.1.0
340 silly placeDep ROOT websocket-extensions@0.1.4 OK for: websocket-driver@0.7.4 want: >=0.1.1
341 timing idealTree:node_modules/websocket-driver Completed in 7ms
342 timing idealTree:node_modules/http-parser-js Completed in 0ms
343 timing idealTree:node_modules/safe-buffer Completed in 0ms
344 timing idealTree:node_modules/websocket-extensions Completed in 1ms
345 silly placeDep ROOT cliui@8.0.1 OK for: yargs@17.7.2 want: ^8.0.1
346 silly placeDep ROOT escalade@3.1.2 OK for: yargs@17.7.2 want: ^3.1.1
347 silly placeDep ROOT get-caller-file@2.0.5 OK for: yargs@17.7.2 want: ^2.0.5
348 silly placeDep ROOT require-directory@2.1.1 OK for: yargs@17.7.2 want: ^2.1.1
349 silly placeDep node_modules/yargs string-width@4.2.3 OK for: yargs@17.7.2 want: ^4.2.3
350 silly placeDep ROOT y18n@5.0.8 OK for: yargs@17.7.2 want: ^5.0.5
351 silly placeDep ROOT yargs-parser@21.1.1 OK for: yargs@17.7.2 want: ^21.1.1
352 silly fetch manifest string-width@^4.2.0
353 silly fetch manifest wrap-ansi@^7.0.0
354 silly fetch manifest emoji-regex@^8.0.0
355 http fetch GET 200 https://registry.npmjs.org/wrap-ansi 64ms (cache revalidated)
356 http fetch GET 200 https://registry.npmjs.org/emoji-regex 70ms (cache revalidated)
357 timing idealTree:node_modules/yargs Completed in 103ms
358 silly placeDep node_modules/cliui string-width@4.2.3 OK for: cliui@8.0.1 want: ^4.2.0
359 silly placeDep node_modules/cliui wrap-ansi@7.0.0 OK for: cliui@8.0.1 want: ^7.0.0
360 timing idealTree:node_modules/cliui Completed in 8ms
361 timing idealTree:node_modules/escalade Completed in 0ms
362 timing idealTree:node_modules/get-caller-file Completed in 0ms
363 timing idealTree:node_modules/require-directory Completed in 0ms
364 timing idealTree:node_modules/y18n Completed in 0ms
365 timing idealTree:node_modules/yargs-parser Completed in 0ms
366 timing idealTree:node_modules/@firebase/auth-compat/node_modules/@firebase/auth Completed in 0ms
367 silly placeDep node_modules/cliui emoji-regex@8.0.0 OK for: string-width@4.2.3 want: ^8.0.0
368 timing idealTree:node_modules/cliui/node_modules/string-width Completed in 5ms
369 timing idealTree:node_modules/cliui/node_modules/emoji-regex Completed in 0ms
370 timing idealTree:node_modules/cliui/node_modules/wrap-ansi Completed in 0ms
371 timing idealTree:node_modules/firebase/node_modules/@firebase/auth Completed in 0ms
372 silly placeDep node_modules/yargs emoji-regex@8.0.0 OK for: string-width@4.2.3 want: ^8.0.0
373 timing idealTree:node_modules/yargs/node_modules/string-width Completed in 3ms
374 timing idealTree:node_modules/yargs/node_modules/emoji-regex Completed in 0ms
375 timing idealTree:buildDeps Completed in 13988ms
376 timing idealTree:fixDepFlags Completed in 9ms
377 timing idealTree Completed in 14357ms
378 timing reify:loadTrees Completed in 14359ms
379 timing reify:diffTrees Completed in 28ms
380 silly reify moves {}
381 timing reify:retireShallow Completed in 3ms
382 timing reify:createSparse Completed in 115ms
383 timing reify:loadBundles Completed in 0ms
384 silly audit bulk request {
384 silly audit   '@babel/code-frame': [ '7.24.7' ],
384 silly audit   '@babel/generator': [ '7.25.0' ],
384 silly audit   '@babel/helper-module-imports': [ '7.24.7' ],
384 silly audit   '@babel/helper-string-parser': [ '7.24.8' ],
384 silly audit   '@babel/helper-validator-identifier': [ '7.24.7' ],
384 silly audit   '@babel/highlight': [ '7.24.7' ],
384 silly audit   'ansi-styles': [ '3.2.1', '4.3.0', '6.2.1' ],
384 silly audit   chalk: [ '2.4.2', '4.1.2' ],
384 silly audit   'color-convert': [ '1.9.3', '2.0.1' ],
384 silly audit   'color-name': [ '1.1.3', '1.1.4' ],
384 silly audit   'escape-string-regexp': [ '1.0.5', '4.0.0' ],
384 silly audit   'has-flag': [ '3.0.0', '4.0.0' ],
384 silly audit   'supports-color': [ '5.5.0', '7.2.0' ],
384 silly audit   '@babel/parser': [ '7.25.3' ],
384 silly audit   '@babel/runtime': [ '7.25.0' ],
384 silly audit   '@babel/template': [ '7.25.0' ],
384 silly audit   '@babel/traverse': [ '7.25.3' ],
384 silly audit   globals: [ '11.12.0', '13.24.0' ],
384 silly audit   '@babel/types': [ '7.25.2' ],
384 silly audit   '@emotion/babel-plugin': [ '11.12.0' ],
384 silly audit   '@emotion/cache': [ '11.13.1' ],
384 silly audit   '@emotion/hash': [ '0.9.2' ],
384 silly audit   '@emotion/is-prop-valid': [ '1.3.0' ],
384 silly audit   '@emotion/memoize': [ '0.9.0' ],
384 silly audit   '@emotion/react': [ '11.13.0' ],
384 silly audit   '@emotion/serialize': [ '1.3.0' ],
384 silly audit   '@emotion/sheet': [ '1.4.0' ],
384 silly audit   '@emotion/styled': [ '11.13.0' ],
384 silly audit   '@emotion/unitless': [ '0.9.0' ],
384 silly audit   '@emotion/use-insertion-effect-with-fallbacks': [ '1.1.0' ],
384 silly audit   '@emotion/utils': [ '1.4.0' ],
384 silly audit   '@emotion/weak-memoize': [ '0.4.0' ],
384 silly audit   '@eslint-community/eslint-utils': [ '4.4.0' ],
384 silly audit   '@eslint-community/regexpp': [ '4.11.0' ],
384 silly audit   '@eslint/eslintrc': [ '2.1.4' ],
384 silly audit   '@eslint/js': [ '8.57.0' ],
384 silly audit   '@humanwhocodes/config-array': [ '0.11.14' ],
384 silly audit   '@humanwhocodes/module-importer': [ '1.0.1' ],
384 silly audit   '@humanwhocodes/object-schema': [ '2.0.3' ],
384 silly audit   '@isaacs/cliui': [ '8.0.2' ],
384 silly audit   'ansi-regex': [ '6.0.1', '5.0.1' ],
384 silly audit   'strip-ansi': [ '7.1.0', '6.0.1' ],
384 silly audit   '@jridgewell/gen-mapping': [ '0.3.5' ],
384 silly audit   '@jridgewell/resolve-uri': [ '3.1.2' ],
384 silly audit   '@jridgewell/set-array': [ '1.2.1' ],
384 silly audit   '@jridgewell/sourcemap-codec': [ '1.5.0' ],
384 silly audit   '@jridgewell/trace-mapping': [ '0.3.25' ],
384 silly audit   '@mui/core-downloads-tracker': [ '5.16.6' ],
384 silly audit   '@mui/material': [ '5.16.6' ],
384 silly audit   'react-is': [ '18.3.1', '16.13.1' ],
384 silly audit   '@mui/private-theming': [ '5.16.6' ],
384 silly audit   '@mui/styled-engine': [ '5.16.6' ],
384 silly audit   '@mui/system': [ '5.16.6' ],
384 silly audit   '@mui/types': [ '7.2.15' ],
384 silly audit   '@mui/utils': [ '5.16.6' ],
384 silly audit   '@next/env': [ '14.2.5' ],
384 silly audit   '@next/eslint-plugin-next': [ '14.2.5' ],
384 silly audit   '@next/swc-darwin-arm64': [ '14.2.5' ],
384 silly audit   '@next/swc-darwin-x64': [ '14.2.5' ],
384 silly audit   '@next/swc-linux-arm64-gnu': [ '14.2.5' ],
384 silly audit   '@next/swc-linux-arm64-musl': [ '14.2.5' ],
384 silly audit   '@next/swc-linux-x64-gnu': [ '14.2.5' ],
384 silly audit   '@next/swc-linux-x64-musl': [ '14.2.5' ],
384 silly audit   '@next/swc-win32-arm64-msvc': [ '14.2.5' ],
384 silly audit   '@next/swc-win32-ia32-msvc': [ '14.2.5' ],
384 silly audit   '@next/swc-win32-x64-msvc': [ '14.2.5' ],
384 silly audit   '@nodelib/fs.scandir': [ '2.1.5' ],
384 silly audit   '@nodelib/fs.stat': [ '2.0.5' ],
384 silly audit   '@nodelib/fs.walk': [ '1.2.8' ],
384 silly audit   '@pkgjs/parseargs': [ '0.11.0' ],
384 silly audit   '@popperjs/core': [ '2.11.8' ],
384 silly audit   '@rushstack/eslint-patch': [ '1.10.4' ],
384 silly audit   '@swc/counter': [ '0.1.3' ],
384 silly audit   '@swc/helpers': [ '0.5.5' ],
384 silly audit   '@types/json5': [ '0.0.29' ],
384 silly audit   '@types/parse-json': [ '4.0.2' ],
384 silly audit   '@types/prop-types': [ '15.7.12' ],
384 silly audit   '@types/react': [ '18.3.3' ],
384 silly audit   '@types/react-transition-group': [ '4.4.10' ],
384 silly audit   '@typescript-eslint/parser': [ '7.2.0' ],
384 silly audit   '@typescript-eslint/scope-manager': [ '7.2.0' ],
384 silly audit   '@typescript-eslint/types': [ '7.2.0' ],
384 silly audit   '@typescript-eslint/typescript-estree': [ '7.2.0' ],
384 silly audit   'brace-expansion': [ '2.0.1', '1.1.11' ],
384 silly audit   minimatch: [ '9.0.3', '9.0.5', '3.1.2' ],
384 silly audit   '@typescript-eslint/visitor-keys': [ '7.2.0' ],
384 silly audit   '@ungap/structured-clone': [ '1.2.0' ],
384 silly audit   acorn: [ '8.12.1' ],
384 silly audit   'acorn-jsx': [ '5.3.2' ],
384 silly audit   ajv: [ '6.12.6' ],
384 silly audit   argparse: [ '2.0.1' ],
384 silly audit   'aria-query': [ '5.1.3' ],
384 silly audit   'array-buffer-byte-length': [ '1.0.1' ],
384 silly audit   'array-includes': [ '3.1.8' ],
384 silly audit   'array-union': [ '2.1.0' ],
384 silly audit   'array.prototype.findlast': [ '1.2.5' ],
384 silly audit   'array.prototype.findlastindex': [ '1.2.5' ],
384 silly audit   'array.prototype.flat': [ '1.3.2' ],
384 silly audit   'array.prototype.flatmap': [ '1.3.2' ],
384 silly audit   'array.prototype.tosorted': [ '1.1.4' ],
384 silly audit   'arraybuffer.prototype.slice': [ '1.0.3' ],
384 silly audit   'ast-types-flow': [ '0.0.8' ],
384 silly audit   'available-typed-arrays': [ '1.0.7' ],
384 silly audit   'axe-core': [ '4.10.0' ],
384 silly audit   'axobject-query': [ '3.1.1' ],
384 silly audit   'babel-plugin-macros': [ '3.1.0' ],
384 silly audit   'balanced-match': [ '1.0.2' ],
384 silly audit   braces: [ '3.0.3' ],
384 silly audit   busboy: [ '1.6.0' ],
384 silly audit   'call-bind': [ '1.0.7' ],
384 silly audit   callsites: [ '3.1.0' ],
384 silly audit   'caniuse-lite': [ '1.0.30001646' ],
384 silly audit   'client-only': [ '0.0.1' ],
384 silly audit   clsx: [ '2.1.1' ],
384 silly audit   'concat-map': [ '0.0.1' ],
384 silly audit   'convert-source-map': [ '1.9.0' ],
384 silly audit   cosmiconfig: [ '7.1.0' ],
384 silly audit   'cross-spawn': [ '7.0.3' ],
384 silly audit   csstype: [ '3.1.3' ],
384 silly audit   'damerau-levenshtein': [ '1.0.8' ],
384 silly audit   'data-view-buffer': [ '1.0.1' ],
384 silly audit   'data-view-byte-length': [ '1.0.1' ],
384 silly audit   'data-view-byte-offset': [ '1.0.0' ],
384 silly audit   debug: [ '4.3.6', '3.2.7' ],
384 silly audit   'deep-equal': [ '2.2.3' ],
384 silly audit   'deep-is': [ '0.1.4' ],
384 silly audit   'define-data-property': [ '1.1.4' ],
384 silly audit   'define-properties': [ '1.2.1' ],
384 silly audit   'dir-glob': [ '3.0.1' ],
384 silly audit   doctrine: [ '3.0.0', '2.1.0' ],
384 silly audit   'dom-helpers': [ '5.2.1' ],
384 silly audit   eastasianwidth: [ '0.2.0' ],
384 silly audit   'emoji-regex': [ '9.2.2', '8.0.0' ],
384 silly audit   'enhanced-resolve': [ '5.17.1' ],
384 silly audit   'error-ex': [ '1.3.2' ],
384 silly audit   'es-abstract': [ '1.23.3' ],
384 silly audit   'es-define-property': [ '1.0.0' ],
384 silly audit   'es-errors': [ '1.3.0' ],
384 silly audit   'es-get-iterator': [ '1.1.3' ],
384 silly audit   'es-iterator-helpers': [ '1.0.19' ],
384 silly audit   'es-object-atoms': [ '1.0.0' ],
384 silly audit   'es-set-tostringtag': [ '2.0.3' ],
384 silly audit   'es-shim-unscopables': [ '1.0.2' ],
384 silly audit   'es-to-primitive': [ '1.2.1' ],
384 silly audit   eslint: [ '8.57.0' ],
384 silly audit   'eslint-config-next': [ '14.2.5' ],
384 silly audit   'eslint-import-resolver-node': [ '0.3.9' ],
384 silly audit   'eslint-import-resolver-typescript': [ '3.6.1' ],
384 silly audit   'eslint-module-utils': [ '2.8.1' ],
384 silly audit   'eslint-plugin-import': [ '2.29.1' ],
384 silly audit   semver: [ '6.3.1', '7.6.3' ],
384 silly audit   'eslint-plugin-jsx-a11y': [ '6.9.0' ],
384 silly audit   'eslint-plugin-react': [ '7.35.0' ],
384 silly audit   'eslint-plugin-react-hooks': [ '4.6.2' ],
384 silly audit   resolve: [ '2.0.0-next.5', '1.22.8' ],
384 silly audit   'eslint-scope': [ '7.2.2' ],
384 silly audit   'eslint-visitor-keys': [ '3.4.3' ],
384 silly audit   espree: [ '9.6.1' ],
384 silly audit   esquery: [ '1.6.0' ],
384 silly audit   esrecurse: [ '4.3.0' ],
384 silly audit   estraverse: [ '5.3.0' ],
384 silly audit   esutils: [ '2.0.3' ],
384 silly audit   'fast-deep-equal': [ '3.1.3' ],
384 silly audit   'fast-glob': [ '3.3.2' ],
384 silly audit   'glob-parent': [ '5.1.2', '6.0.2' ],
384 silly audit   'fast-json-stable-stringify': [ '2.1.0' ],
384 silly audit   'fast-levenshtein': [ '2.0.6' ],
384 silly audit   fastq: [ '1.17.1' ],
384 silly audit   'file-entry-cache': [ '6.0.1' ],
384 silly audit   'fill-range': [ '7.1.1' ],
384 silly audit   'find-root': [ '1.1.0' ],
384 silly audit   'find-up': [ '5.0.0' ],
384 silly audit   'flat-cache': [ '3.2.0' ],
384 silly audit   flatted: [ '3.3.1' ],
384 silly audit   'for-each': [ '0.3.3' ],
384 silly audit   'foreground-child': [ '3.2.1' ],
384 silly audit   'fs.realpath': [ '1.0.0' ],
384 silly audit   'function-bind': [ '1.1.2' ],
384 silly audit   'function.prototype.name': [ '1.1.6' ],
384 silly audit   'functions-have-names': [ '1.2.3' ],
384 silly audit   'get-intrinsic': [ '1.2.4' ],
384 silly audit   'get-symbol-description': [ '1.0.2' ],
384 silly audit   'get-tsconfig': [ '4.7.6' ],
384 silly audit   glob: [ '10.3.10', '7.2.3' ],
384 silly audit   globalthis: [ '1.0.4' ],
384 silly audit   globby: [ '11.1.0' ],
384 silly audit   gopd: [ '1.0.1' ],
384 silly audit   'graceful-fs': [ '4.2.11' ],
384 silly audit   graphemer: [ '1.4.0' ],
384 silly audit   'has-bigints': [ '1.0.2' ],
384 silly audit   'has-property-descriptors': [ '1.0.2' ],
384 silly audit   'has-proto': [ '1.0.3' ],
384 silly audit   'has-symbols': [ '1.0.3' ],
384 silly audit   'has-tostringtag': [ '1.0.2' ],
384 silly audit   hasown: [ '2.0.2' ],
384 silly audit   'hoist-non-react-statics': [ '3.3.2' ],
384 silly audit   ignore: [ '5.3.1' ],
384 silly audit   'import-fresh': [ '3.3.0' ],
384 silly audit   imurmurhash: [ '0.1.4' ],
384 silly audit   inflight: [ '1.0.6' ],
384 silly audit   inherits: [ '2.0.4' ],
384 silly audit   'internal-slot': [ '1.0.7' ],
384 silly audit   'is-arguments': [ '1.1.1' ],
384 silly audit   'is-array-buffer': [ '3.0.4' ],
384 silly audit   'is-arrayish': [ '0.2.1' ],
384 silly audit   'is-async-function': [ '2.0.0' ],
384 silly audit   'is-bigint': [ '1.0.4' ],
384 silly audit   'is-boolean-object': [ '1.1.2' ],
384 silly audit   'is-callable': [ '1.2.7' ],
384 silly audit   'is-core-module': [ '2.15.0' ],
384 silly audit   'is-data-view': [ '1.0.1' ],
384 silly audit   'is-date-object': [ '1.0.5' ],
384 silly audit   'is-extglob': [ '2.1.1' ],
384 silly audit   'is-finalizationregistry': [ '1.0.2' ],
384 silly audit   'is-fullwidth-code-point': [ '3.0.0' ],
384 silly audit   'is-generator-function': [ '1.0.10' ],
384 silly audit   'is-glob': [ '4.0.3' ],
384 silly audit   'is-map': [ '2.0.3' ],
384 silly audit   'is-negative-zero': [ '2.0.3' ],
384 silly audit   'is-number': [ '7.0.0' ],
384 silly audit   'is-number-object': [ '1.0.7' ],
384 silly audit   'is-path-inside': [ '3.0.3' ],
384 silly audit   'is-regex': [ '1.1.4' ],
384 silly audit   'is-set': [ '2.0.3' ],
384 silly audit   'is-shared-array-buffer': [ '1.0.3' ],
384 silly audit   'is-string': [ '1.0.7' ],
384 silly audit   'is-symbol': [ '1.0.4' ],
384 silly audit   'is-typed-array': [ '1.1.13' ],
384 silly audit   'is-weakmap': [ '2.0.2' ],
384 silly audit   'is-weakref': [ '1.0.2' ],
384 silly audit   'is-weakset': [ '2.0.3' ],
384 silly audit   isarray: [ '2.0.5' ],
384 silly audit   isexe: [ '2.0.0' ],
384 silly audit   'iterator.prototype': [ '1.1.2' ],
384 silly audit   jackspeak: [ '2.3.6' ],
384 silly audit   'js-tokens': [ '4.0.0' ],
384 silly audit   'js-yaml': [ '4.1.0' ],
384 silly audit   jsesc: [ '2.5.2' ],
384 silly audit   'json-buffer': [ '3.0.1' ],
384 silly audit   'json-parse-even-better-errors': [ '2.3.1' ],
384 silly audit   'json-schema-traverse': [ '0.4.1' ],
384 silly audit   'json-stable-stringify-without-jsonify': [ '1.0.1' ],
384 silly audit   json5: [ '1.0.2' ],
384 silly audit   'jsx-ast-utils': [ '3.3.5' ],
384 silly audit   keyv: [ '4.5.4' ],
384 silly audit   'language-subtag-registry': [ '0.3.23' ],
384 silly audit   'language-tags': [ '1.0.9' ],
384 silly audit   levn: [ '0.4.1' ],
384 silly audit   'lines-and-columns': [ '1.2.4' ],
384 silly audit   'locate-path': [ '6.0.0' ],
384 silly audit   'lodash.merge': [ '4.6.2' ],
384 silly audit   'loose-envify': [ '1.4.0' ],
384 silly audit   'lru-cache': [ '10.4.3' ],
384 silly audit   merge2: [ '1.4.1' ],
384 silly audit   micromatch: [ '4.0.7' ],
384 silly audit   minimist: [ '1.2.8' ],
384 silly audit   minipass: [ '7.1.2' ],
384 silly audit   ms: [ '2.1.2' ],
384 silly audit   nanoid: [ '3.3.7' ],
384 silly audit   'natural-compare': [ '1.4.0' ],
384 silly audit   next: [ '14.2.5' ],
384 silly audit   'object-assign': [ '4.1.1' ],
384 silly audit   'object-inspect': [ '1.13.2' ],
384 silly audit   'object-is': [ '1.1.6' ],
384 silly audit   'object-keys': [ '1.1.1' ],
384 silly audit   'object.assign': [ '4.1.5' ],
384 silly audit   'object.entries': [ '1.1.8' ],
384 silly audit   'object.fromentries': [ '2.0.8' ],
384 silly audit   'object.groupby': [ '1.0.3' ],
384 silly audit   'object.values': [ '1.2.0' ],
384 silly audit   once: [ '1.4.0' ],
384 silly audit   optionator: [ '0.9.4' ],
384 silly audit   'p-limit': [ '3.1.0' ],
384 silly audit   'p-locate': [ '5.0.0' ],
384 silly audit   'parent-module': [ '1.0.1' ],
384 silly audit   'parse-json': [ '5.2.0' ],
384 silly audit   'path-exists': [ '4.0.0' ],
384 silly audit   'path-is-absolute': [ '1.0.1' ],
384 silly audit   'path-key': [ '3.1.1' ],
384 silly audit   'path-parse': [ '1.0.7' ],
384 silly audit   'path-scurry': [ '1.11.1' ],
384 silly audit   'path-type': [ '4.0.0' ],
384 silly audit   picocolors: [ '1.0.1' ],
384 silly audit   picomatch: [ '2.3.1' ],
384 silly audit   'possible-typed-array-names': [ '1.0.0' ],
384 silly audit   postcss: [ '8.4.31' ],
384 silly audit   'prelude-ls': [ '1.2.1' ],
384 silly audit   'prop-types': [ '15.8.1' ],
384 silly audit   punycode: [ '2.3.1' ],
384 silly audit   'queue-microtask': [ '1.2.3' ],
384 silly audit   react: [ '18.3.1' ],
384 silly audit   'react-dom': [ '18.3.1' ],
384 silly audit   'react-transition-group': [ '4.4.5' ],
384 silly audit   'reflect.getprototypeof': [ '1.0.6' ],
384 silly audit   'regenerator-runtime': [ '0.14.1' ],
384 silly audit   'regexp.prototype.flags': [ '1.5.2' ],
384 silly audit   'resolve-from': [ '4.0.0' ],
384 silly audit   'resolve-pkg-maps': [ '1.0.0' ],
384 silly audit   reusify: [ '1.0.4' ],
384 silly audit   rimraf: [ '3.0.2' ],
384 silly audit   'run-parallel': [ '1.2.0' ],
384 silly audit   'safe-array-concat': [ '1.1.2' ],
384 silly audit   'safe-regex-test': [ '1.0.3' ],
384 silly audit   scheduler: [ '0.23.2' ],
384 silly audit   'set-function-length': [ '1.2.2' ],
384 silly audit   'set-function-name': [ '2.0.2' ],
384 silly audit   'shebang-command': [ '2.0.0' ],
384 silly audit   'shebang-regex': [ '3.0.0' ],
384 silly audit   'side-channel': [ '1.0.6' ],
384 silly audit   'signal-exit': [ '4.1.0' ],
384 silly audit   slash: [ '3.0.0' ],
384 silly audit   'source-map': [ '0.5.7' ],
384 silly audit   'source-map-js': [ '1.2.0' ],
384 silly audit   'stop-iteration-iterator': [ '1.0.0' ],
384 silly audit   streamsearch: [ '1.1.0' ],
384 silly audit   'string-width': [ '5.1.2', '4.2.3' ],
384 silly audit   'string.prototype.includes': [ '2.0.0' ],
384 silly audit   'string.prototype.matchall': [ '4.0.11' ],
384 silly audit   'string.prototype.repeat': [ '1.0.0' ],
384 silly audit   'string.prototype.trim': [ '1.2.9' ],
384 silly audit   'string.prototype.trimend': [ '1.0.8' ],
384 silly audit   'string.prototype.trimstart': [ '1.0.8' ],
384 silly audit   'strip-bom': [ '3.0.0' ],
384 silly audit   'strip-json-comments': [ '3.1.1' ],
384 silly audit   'styled-jsx': [ '5.1.1' ],
384 silly audit   stylis: [ '4.2.0' ],
384 silly audit   'supports-preserve-symlinks-flag': [ '1.0.0' ],
384 silly audit   tapable: [ '2.2.1' ],
384 silly audit   'text-table': [ '0.2.0' ],
384 silly audit   'to-fast-properties': [ '2.0.0' ],
384 silly audit   'to-regex-range': [ '5.0.1' ],
384 silly audit   'ts-api-utils': [ '1.3.0' ],
384 silly audit   'tsconfig-paths': [ '3.15.0' ],
384 silly audit   tslib: [ '2.6.3' ],
384 silly audit   'type-check': [ '0.4.0' ],
384 silly audit   'type-fest': [ '0.20.2' ],
384 silly audit   'typed-array-buffer': [ '1.0.2' ],
384 silly audit   'typed-array-byte-length': [ '1.0.1' ],
384 silly audit   'typed-array-byte-offset': [ '1.0.2' ],
384 silly audit   'typed-array-length': [ '1.0.6' ],
384 silly audit   typescript: [ '5.5.4' ],
384 silly audit   'unbox-primitive': [ '1.0.2' ],
384 silly audit   'uri-js': [ '4.4.1' ],
384 silly audit   which: [ '2.0.2' ],
384 silly audit   'which-boxed-primitive': [ '1.0.2' ],
384 silly audit   'which-builtin-type': [ '1.1.4' ],
384 silly audit   'which-collection': [ '1.0.2' ],
384 silly audit   'which-typed-array': [ '1.1.15' ],
384 silly audit   'word-wrap': [ '1.2.5' ],
384 silly audit   'wrap-ansi': [ '8.1.0', '7.0.0' ],
384 silly audit   wrappy: [ '1.0.2' ],
384 silly audit   yaml: [ '1.10.2' ],
384 silly audit   'yocto-queue': [ '0.1.0' ],
384 silly audit   firebase: [ '10.12.4' ],
384 silly audit   '@firebase/analytics': [ '0.10.6' ],
384 silly audit   '@firebase/app': [ '0.10.7' ],
384 silly audit   '@firebase/analytics-compat': [ '0.2.12' ],
384 silly audit   '@firebase/app-compat': [ '0.2.37' ],
384 silly audit   '@firebase/app-check': [ '0.8.6' ],
384 silly audit   '@firebase/app-check-compat': [ '0.3.13' ],
384 silly audit   '@firebase/app-types': [ '0.9.2' ],
384 silly audit   '@firebase/auth': [ '1.7.5' ],
384 silly audit   '@firebase/auth-compat': [ '0.5.10' ],
384 silly audit   '@firebase/database': [ '1.0.6' ],
384 silly audit   '@firebase/database-compat': [ '1.0.6' ],
384 silly audit   '@firebase/firestore': [ '4.6.4' ],
384 silly audit   '@firebase/firestore-compat': [ '0.3.33' ],
384 silly audit   '@firebase/functions': [ '0.11.6' ],
384 silly audit   '@firebase/functions-compat': [ '0.3.12' ],
384 silly audit   '@firebase/installations': [ '0.6.8' ],
384 silly audit   '@firebase/installations-compat': [ '0.2.8' ],
384 silly audit   '@firebase/messaging': [ '0.12.10' ],
384 silly audit   '@firebase/messaging-compat': [ '0.2.10' ],
384 silly audit   '@firebase/performance': [ '0.6.8' ],
384 silly audit   '@firebase/performance-compat': [ '0.2.8' ],
384 silly audit   '@firebase/remote-config': [ '0.4.8' ],
384 silly audit   '@firebase/remote-config-compat': [ '0.2.8' ],
384 silly audit   '@firebase/storage': [ '0.12.6' ],
384 silly audit   '@firebase/storage-compat': [ '0.3.9' ],
384 silly audit   '@firebase/util': [ '1.9.7' ],
384 silly audit   '@firebase/vertexai-preview': [ '0.0.3' ],
384 silly audit   '@firebase/component': [ '0.6.8' ],
384 silly audit   '@firebase/logger': [ '0.4.2' ],
384 silly audit   safevalues: [ '0.6.0' ],
384 silly audit   '@firebase/analytics-types': [ '0.8.2' ],
384 silly audit   idb: [ '7.1.1' ],
384 silly audit   '@firebase/app-check-types': [ '0.5.2' ],
384 silly audit   '@firebase/auth-types': [ '0.12.2' ],
384 silly audit   undici: [ '5.28.4' ],
384 silly audit   '@firebase/app-check-interop-types': [ '0.3.2' ],
384 silly audit   '@firebase/auth-interop-types': [ '0.2.3' ],
384 silly audit   'faye-websocket': [ '0.11.4' ],
384 silly audit   '@firebase/database-types': [ '1.0.4' ],
384 silly audit   '@firebase/webchannel-wrapper': [ '1.0.1' ],
384 silly audit   '@grpc/grpc-js': [ '1.9.15' ],
384 silly audit   '@grpc/proto-loader': [ '0.7.13' ],
384 silly audit   '@firebase/firestore-types': [ '3.0.2' ],
384 silly audit   '@firebase/messaging-interop-types': [ '0.2.2' ],
384 silly audit   '@firebase/functions-types': [ '0.6.2' ],
384 silly audit   '@firebase/installations-types': [ '0.5.2' ],
384 silly audit   '@firebase/performance-types': [ '0.2.2' ],
384 silly audit   '@firebase/remote-config-types': [ '0.3.2' ],
384 silly audit   '@firebase/storage-types': [ '0.8.2' ],
384 silly audit   '@types/node': [ '22.0.2' ],
384 silly audit   'lodash.camelcase': [ '4.3.0' ],
384 silly audit   long: [ '5.2.3' ],
384 silly audit   protobufjs: [ '7.3.2' ],
384 silly audit   yargs: [ '17.7.2' ],
384 silly audit   'undici-types': [ '6.11.1' ],
384 silly audit   'websocket-driver': [ '0.7.4' ],
384 silly audit   '@protobufjs/aspromise': [ '1.1.2' ],
384 silly audit   '@protobufjs/base64': [ '1.1.2' ],
384 silly audit   '@protobufjs/codegen': [ '2.0.4' ],
384 silly audit   '@protobufjs/eventemitter': [ '1.1.0' ],
384 silly audit   '@protobufjs/fetch': [ '1.1.0' ],
384 silly audit   '@protobufjs/float': [ '1.0.2' ],
384 silly audit   '@protobufjs/inquire': [ '1.1.0' ],
384 silly audit   '@protobufjs/path': [ '1.1.2' ],
384 silly audit   '@protobufjs/pool': [ '1.1.0' ],
384 silly audit   '@protobufjs/utf8': [ '1.1.0' ],
384 silly audit   '@fastify/busboy': [ '2.1.1' ],
384 silly audit   'http-parser-js': [ '0.5.8' ],
384 silly audit   'safe-buffer': [ '5.2.1' ],
384 silly audit   'websocket-extensions': [ '0.1.4' ],
384 silly audit   cliui: [ '8.0.1' ],
384 silly audit   escalade: [ '3.1.2' ],
384 silly audit   'get-caller-file': [ '2.0.5' ],
384 silly audit   'require-directory': [ '2.1.1' ],
384 silly audit   y18n: [ '5.0.8' ],
384 silly audit   'yargs-parser': [ '21.1.1' ]
384 silly audit }
385 verbose reify failed optional dependency C:\Users\surya\OneDrive\Desktop\inventory\inventory_management\node_modules\@next\swc-win32-ia32-msvc
386 silly reify mark deleted [
386 silly reify   'C:\\Users\\surya\\OneDrive\\Desktop\\inventory\\inventory_management\\node_modules\\@next\\swc-win32-ia32-msvc'
386 silly reify ]
387 verbose reify failed optional dependency C:\Users\surya\OneDrive\Desktop\inventory\inventory_management\node_modules\@next\swc-win32-arm64-msvc
388 silly reify mark deleted [
388 silly reify   'C:\\Users\\surya\\OneDrive\\Desktop\\inventory\\inventory_management\\node_modules\\@next\\swc-win32-arm64-msvc'
388 silly reify ]
389 verbose reify failed optional dependency C:\Users\surya\OneDrive\Desktop\inventory\inventory_management\node_modules\@next\swc-linux-x64-musl
390 silly reify mark deleted [
390 silly reify   'C:\\Users\\surya\\OneDrive\\Desktop\\inventory\\inventory_management\\node_modules\\@next\\swc-linux-x64-musl'
390 silly reify ]
391 verbose reify failed optional dependency C:\Users\surya\OneDrive\Desktop\inventory\inventory_management\node_modules\@next\swc-linux-x64-gnu
392 silly reify mark deleted [
392 silly reify   'C:\\Users\\surya\\OneDrive\\Desktop\\inventory\\inventory_management\\node_modules\\@next\\swc-linux-x64-gnu'
392 silly reify ]
393 verbose reify failed optional dependency C:\Users\surya\OneDrive\Desktop\inventory\inventory_management\node_modules\@next\swc-linux-arm64-musl
394 silly reify mark deleted [
394 silly reify   'C:\\Users\\surya\\OneDrive\\Desktop\\inventory\\inventory_management\\node_modules\\@next\\swc-linux-arm64-musl'
394 silly reify ]
395 verbose reify failed optional dependency C:\Users\surya\OneDrive\Desktop\inventory\inventory_management\node_modules\@next\swc-linux-arm64-gnu
396 silly reify mark deleted [
396 silly reify   'C:\\Users\\surya\\OneDrive\\Desktop\\inventory\\inventory_management\\node_modules\\@next\\swc-linux-arm64-gnu'
396 silly reify ]
397 verbose reify failed optional dependency C:\Users\surya\OneDrive\Desktop\inventory\inventory_management\node_modules\@next\swc-darwin-x64
398 silly reify mark deleted [
398 silly reify   'C:\\Users\\surya\\OneDrive\\Desktop\\inventory\\inventory_management\\node_modules\\@next\\swc-darwin-x64'
398 silly reify ]
399 verbose reify failed optional dependency C:\Users\surya\OneDrive\Desktop\inventory\inventory_management\node_modules\@next\swc-darwin-arm64
400 silly reify mark deleted [
400 silly reify   'C:\\Users\\surya\\OneDrive\\Desktop\\inventory\\inventory_management\\node_modules\\@next\\swc-darwin-arm64'
400 silly reify ]
401 timing reifyNode:node_modules/@next/swc-win32-ia32-msvc Completed in 34ms
402 timing reifyNode:node_modules/@next/swc-win32-arm64-msvc Completed in 34ms
403 timing reifyNode:node_modules/@next/swc-linux-x64-musl Completed in 34ms
404 timing reifyNode:node_modules/@next/swc-linux-x64-gnu Completed in 34ms
405 timing reifyNode:node_modules/@next/swc-linux-arm64-musl Completed in 35ms
406 timing reifyNode:node_modules/@next/swc-linux-arm64-gnu Completed in 35ms
407 timing reifyNode:node_modules/@next/swc-darwin-x64 Completed in 35ms
408 timing reifyNode:node_modules/@next/swc-darwin-arm64 Completed in 34ms
409 silly tarball no local data for yargs-parser@https://registry.npmjs.org/yargs-parser/-/yargs-parser-21.1.1.tgz. Extracting by manifest.
410 silly tarball no local data for get-caller-file@https://registry.npmjs.org/get-caller-file/-/get-caller-file-2.0.5.tgz. Extracting by manifest.
411 silly tarball no local data for require-directory@https://registry.npmjs.org/require-directory/-/require-directory-2.1.1.tgz. Extracting by manifest.
412 silly tarball no local data for y18n@https://registry.npmjs.org/y18n/-/y18n-5.0.8.tgz. Extracting by manifest.
413 silly tarball no local data for safe-buffer@https://registry.npmjs.org/safe-buffer/-/safe-buffer-5.2.1.tgz. Extracting by manifest.
414 silly tarball no local data for cliui@https://registry.npmjs.org/cliui/-/cliui-8.0.1.tgz. Extracting by manifest.
415 silly tarball no local data for @fastify/busboy@https://registry.npmjs.org/@fastify/busboy/-/busboy-2.1.1.tgz. Extracting by manifest.
416 silly tarball no local data for http-parser-js@https://registry.npmjs.org/http-parser-js/-/http-parser-js-0.5.8.tgz. Extracting by manifest.
417 silly tarball no local data for @protobufjs/pool@https://registry.npmjs.org/@protobufjs/pool/-/pool-1.1.0.tgz. Extracting by manifest.
418 silly tarball no local data for websocket-extensions@https://registry.npmjs.org/websocket-extensions/-/websocket-extensions-0.1.4.tgz. Extracting by manifest.
419 silly tarball no local data for @protobufjs/utf8@https://registry.npmjs.org/@protobufjs/utf8/-/utf8-1.1.0.tgz. Extracting by manifest.
420 silly tarball no local data for @protobufjs/inquire@https://registry.npmjs.org/@protobufjs/inquire/-/inquire-1.1.0.tgz. Extracting by manifest.
421 silly tarball no local data for @protobufjs/float@https://registry.npmjs.org/@protobufjs/float/-/float-1.0.2.tgz. Extracting by manifest.
422 silly tarball no local data for @protobufjs/eventemitter@https://registry.npmjs.org/@protobufjs/eventemitter/-/eventemitter-1.1.0.tgz. Extracting by manifest.
423 silly tarball no local data for @protobufjs/fetch@https://registry.npmjs.org/@protobufjs/fetch/-/fetch-1.1.0.tgz. Extracting by manifest.
424 silly tarball no local data for @protobufjs/codegen@https://registry.npmjs.org/@protobufjs/codegen/-/codegen-2.0.4.tgz. Extracting by manifest.
425 silly tarball no local data for @protobufjs/aspromise@https://registry.npmjs.org/@protobufjs/aspromise/-/aspromise-1.1.2.tgz. Extracting by manifest.
426 silly tarball no local data for protobufjs@https://registry.npmjs.org/protobufjs/-/protobufjs-7.3.2.tgz. Extracting by manifest.
427 silly tarball no local data for @protobufjs/base64@https://registry.npmjs.org/@protobufjs/base64/-/base64-1.1.2.tgz. Extracting by manifest.
428 silly tarball no local data for websocket-driver@https://registry.npmjs.org/websocket-driver/-/websocket-driver-0.7.4.tgz. Extracting by manifest.
429 silly tarball no local data for yargs@https://registry.npmjs.org/yargs/-/yargs-17.7.2.tgz. Extracting by manifest.
430 silly tarball no local data for long@https://registry.npmjs.org/long/-/long-5.2.3.tgz. Extracting by manifest.
431 silly tarball no local data for @protobufjs/path@https://registry.npmjs.org/@protobufjs/path/-/path-1.1.2.tgz. Extracting by manifest.
432 silly tarball no local data for undici-types@https://registry.npmjs.org/undici-types/-/undici-types-6.11.1.tgz. Extracting by manifest.
433 silly tarball no local data for @types/node@https://registry.npmjs.org/@types/node/-/node-22.0.2.tgz. Extracting by manifest.
434 silly tarball no local data for @firebase/storage-types@https://registry.npmjs.org/@firebase/storage-types/-/storage-types-0.8.2.tgz. Extracting by manifest.
435 silly tarball no local data for @firebase/remote-config-types@https://registry.npmjs.org/@firebase/remote-config-types/-/remote-config-types-0.3.2.tgz. Extracting by manifest.
436 silly tarball no local data for @firebase/performance-types@https://registry.npmjs.org/@firebase/performance-types/-/performance-types-0.2.2.tgz. Extracting by manifest.
437 silly tarball no local data for @firebase/installations-types@https://registry.npmjs.org/@firebase/installations-types/-/installations-types-0.5.2.tgz. Extracting by manifest.
438 silly tarball no local data for @firebase/firestore-types@https://registry.npmjs.org/@firebase/firestore-types/-/firestore-types-3.0.2.tgz. Extracting by manifest.
439 silly tarball no local data for @firebase/messaging-interop-types@https://registry.npmjs.org/@firebase/messaging-interop-types/-/messaging-interop-types-0.2.2.tgz. Extracting by manifest.
440 silly tarball no local data for @grpc/grpc-js@https://registry.npmjs.org/@grpc/grpc-js/-/grpc-js-1.9.15.tgz. Extracting by manifest.
441 silly tarball no local data for @firebase/functions-types@https://registry.npmjs.org/@firebase/functions-types/-/functions-types-0.6.2.tgz. Extracting by manifest.
442 silly tarball no local data for escalade@https://registry.npmjs.org/escalade/-/escalade-3.1.2.tgz. Extracting by manifest.
443 silly tarball no local data for @grpc/proto-loader@https://registry.npmjs.org/@grpc/proto-loader/-/proto-loader-0.7.13.tgz. Extracting by manifest.
444 silly tarball no local data for @firebase/database-types@https://registry.npmjs.org/@firebase/database-types/-/database-types-1.0.4.tgz. Extracting by manifest.
445 silly tarball no local data for faye-websocket@https://registry.npmjs.org/faye-websocket/-/faye-websocket-0.11.4.tgz. Extracting by manifest.
446 silly tarball no local data for @firebase/auth-interop-types@https://registry.npmjs.org/@firebase/auth-interop-types/-/auth-interop-types-0.2.3.tgz. Extracting by manifest.
447 silly tarball no local data for @firebase/app-check-interop-types@https://registry.npmjs.org/@firebase/app-check-interop-types/-/app-check-interop-types-0.3.2.tgz. Extracting by manifest.
448 silly tarball no local data for undici@https://registry.npmjs.org/undici/-/undici-5.28.4.tgz. Extracting by manifest.
449 silly tarball no local data for @firebase/auth-types@https://registry.npmjs.org/@firebase/auth-types/-/auth-types-0.12.2.tgz. Extracting by manifest.
450 silly tarball no local data for lodash.camelcase@https://registry.npmjs.org/lodash.camelcase/-/lodash.camelcase-4.3.0.tgz. Extracting by manifest.
451 silly tarball no local data for idb@https://registry.npmjs.org/idb/-/idb-7.1.1.tgz. Extracting by manifest.
452 silly tarball no local data for @firebase/logger@https://registry.npmjs.org/@firebase/logger/-/logger-0.4.2.tgz. Extracting by manifest.
453 silly tarball no local data for safevalues@https://registry.npmjs.org/safevalues/-/safevalues-0.6.0.tgz. Extracting by manifest.
454 silly tarball no local data for @firebase/app-check-types@https://registry.npmjs.org/@firebase/app-check-types/-/app-check-types-0.5.2.tgz. Extracting by manifest.
455 silly tarball no local data for @firebase/analytics-types@https://registry.npmjs.org/@firebase/analytics-types/-/analytics-types-0.8.2.tgz. Extracting by manifest.
456 silly tarball no local data for @firebase/component@https://registry.npmjs.org/@firebase/component/-/component-0.6.8.tgz. Extracting by manifest.
457 silly tarball no local data for @firebase/storage-compat@https://registry.npmjs.org/@firebase/storage-compat/-/storage-compat-0.3.9.tgz. Extracting by manifest.
458 silly tarball no local data for @firebase/storage@https://registry.npmjs.org/@firebase/storage/-/storage-0.12.6.tgz. Extracting by manifest.
459 silly tarball no local data for @firebase/remote-config-compat@https://registry.npmjs.org/@firebase/remote-config-compat/-/remote-config-compat-0.2.8.tgz. Extracting by manifest.
460 silly tarball no local data for @firebase/remote-config@https://registry.npmjs.org/@firebase/remote-config/-/remote-config-0.4.8.tgz. Extracting by manifest.
461 silly tarball no local data for @firebase/performance-compat@https://registry.npmjs.org/@firebase/performance-compat/-/performance-compat-0.2.8.tgz. Extracting by manifest.
462 silly tarball no local data for @firebase/util@https://registry.npmjs.org/@firebase/util/-/util-1.9.7.tgz. Extracting by manifest.
463 silly tarball no local data for @firebase/performance@https://registry.npmjs.org/@firebase/performance/-/performance-0.6.8.tgz. Extracting by manifest.
464 silly tarball no local data for @firebase/vertexai-preview@https://registry.npmjs.org/@firebase/vertexai-preview/-/vertexai-preview-0.0.3.tgz. Extracting by manifest.
465 silly tarball no local data for @firebase/installations-compat@https://registry.npmjs.org/@firebase/installations-compat/-/installations-compat-0.2.8.tgz. Extracting by manifest.
466 silly tarball no local data for @firebase/messaging@https://registry.npmjs.org/@firebase/messaging/-/messaging-0.12.10.tgz. Extracting by manifest.
467 silly tarball no local data for @firebase/installations@https://registry.npmjs.org/@firebase/installations/-/installations-0.6.8.tgz. Extracting by manifest.
468 silly tarball no local data for @firebase/functions-compat@https://registry.npmjs.org/@firebase/functions-compat/-/functions-compat-0.3.12.tgz. Extracting by manifest.
469 silly tarball no local data for @firebase/firestore-compat@https://registry.npmjs.org/@firebase/firestore-compat/-/firestore-compat-0.3.33.tgz. Extracting by manifest.
470 silly tarball no local data for @firebase/messaging-compat@https://registry.npmjs.org/@firebase/messaging-compat/-/messaging-compat-0.2.10.tgz. Extracting by manifest.
471 silly tarball no local data for @firebase/database-compat@https://registry.npmjs.org/@firebase/database-compat/-/database-compat-1.0.6.tgz. Extracting by manifest.
472 silly tarball no local data for @firebase/database@https://registry.npmjs.org/@firebase/database/-/database-1.0.6.tgz. Extracting by manifest.
473 silly tarball no local data for @firebase/firestore@https://registry.npmjs.org/@firebase/firestore/-/firestore-4.6.4.tgz. Extracting by manifest.
474 silly tarball no local data for @firebase/app-check-compat@https://registry.npmjs.org/@firebase/app-check-compat/-/app-check-compat-0.3.13.tgz. Extracting by manifest.
475 silly tarball no local data for @firebase/functions@https://registry.npmjs.org/@firebase/functions/-/functions-0.11.6.tgz. Extracting by manifest.
476 silly tarball no local data for @firebase/app-types@https://registry.npmjs.org/@firebase/app-types/-/app-types-0.9.2.tgz. Extracting by manifest.
477 silly tarball no local data for @firebase/auth-compat@https://registry.npmjs.org/@firebase/auth-compat/-/auth-compat-0.5.10.tgz. Extracting by manifest.
478 silly tarball no local data for @firebase/analytics-compat@https://registry.npmjs.org/@firebase/analytics-compat/-/analytics-compat-0.2.12.tgz. Extracting by manifest.
479 silly tarball no local data for @firebase/analytics@https://registry.npmjs.org/@firebase/analytics/-/analytics-0.10.6.tgz. Extracting by manifest.
480 silly tarball no local data for @firebase/app@https://registry.npmjs.org/@firebase/app/-/app-0.10.7.tgz. Extracting by manifest.
481 silly tarball no local data for firebase@https://registry.npmjs.org/firebase/-/firebase-10.12.4.tgz. Extracting by manifest.
482 silly tarball no local data for @firebase/app-check@https://registry.npmjs.org/@firebase/app-check/-/app-check-0.8.6.tgz. Extracting by manifest.
483 silly tarball no local data for @firebase/webchannel-wrapper@https://registry.npmjs.org/@firebase/webchannel-wrapper/-/webchannel-wrapper-1.0.1.tgz. Extracting by manifest.
484 silly tarball no local data for @firebase/app-compat@https://registry.npmjs.org/@firebase/app-compat/-/app-compat-0.2.37.tgz. Extracting by manifest.
485 silly tarball no local data for @firebase/auth@https://registry.npmjs.org/@firebase/auth/-/auth-1.7.5.tgz. Extracting by manifest.
486 silly tarball no local data for @firebase/auth@https://registry.npmjs.org/@firebase/auth/-/auth-1.7.5.tgz. Extracting by manifest.
487 http fetch POST 200 https://registry.npmjs.org/-/npm/v1/security/advisories/bulk 527ms
488 timing auditReport:getReport Completed in 545ms
489 silly audit report {}
490 timing auditReport:init Completed in 0ms
491 timing reify:audit Completed in 548ms
492 http fetch GET 200 https://registry.npmjs.org/require-directory/-/require-directory-2.1.1.tgz 1199ms (cache miss)
493 http fetch GET 200 https://registry.npmjs.org/get-caller-file/-/get-caller-file-2.0.5.tgz 1202ms (cache miss)
494 http fetch GET 200 https://registry.npmjs.org/http-parser-js/-/http-parser-js-0.5.8.tgz 1211ms (cache miss)
495 http fetch GET 200 https://registry.npmjs.org/cliui/-/cliui-8.0.1.tgz 1216ms (cache miss)
496 http fetch GET 200 https://registry.npmjs.org/safe-buffer/-/safe-buffer-5.2.1.tgz 1218ms (cache miss)
497 http fetch GET 200 https://registry.npmjs.org/@protobufjs/pool/-/pool-1.1.0.tgz 1213ms (cache miss)
498 http fetch GET 200 https://registry.npmjs.org/y18n/-/y18n-5.0.8.tgz 1247ms (cache miss)
499 http fetch GET 200 https://registry.npmjs.org/@protobufjs/fetch/-/fetch-1.1.0.tgz 1230ms (cache miss)
500 http fetch GET 200 https://registry.npmjs.org/@protobufjs/codegen/-/codegen-2.0.4.tgz 1229ms (cache miss)
501 http fetch GET 200 https://registry.npmjs.org/@protobufjs/aspromise/-/aspromise-1.1.2.tgz 1252ms (cache miss)
502 http fetch GET 200 https://registry.npmjs.org/@protobufjs/base64/-/base64-1.1.2.tgz 1251ms (cache miss)
503 http fetch GET 200 https://registry.npmjs.org/@protobufjs/path/-/path-1.1.2.tgz 1238ms (cache miss)
504 timing reifyNode:node_modules/cliui/node_modules/wrap-ansi Completed in 1405ms
505 http fetch GET 200 https://registry.npmjs.org/@firebase/remote-config-types/-/remote-config-types-0.3.2.tgz 1256ms (cache miss)
506 timing reifyNode:node_modules/@firebase/remote-config-types Completed in 1424ms
507 http fetch GET 200 https://registry.npmjs.org/@firebase/storage-types/-/storage-types-0.8.2.tgz 1259ms (cache miss)
508 timing reifyNode:node_modules/@firebase/storage-types Completed in 1425ms
509 http fetch GET 200 https://registry.npmjs.org/@firebase/firestore-types/-/firestore-types-3.0.2.tgz 1253ms (cache miss)
510 timing reifyNode:node_modules/@firebase/firestore-types Completed in 1424ms
511 http fetch GET 200 https://registry.npmjs.org/@firebase/installations-types/-/installations-types-0.5.2.tgz 1256ms (cache miss)
512 timing reifyNode:node_modules/@firebase/installations-types Completed in 1426ms
513 http fetch GET 200 https://registry.npmjs.org/@firebase/performance-types/-/performance-types-0.2.2.tgz 1259ms (cache miss)
514 timing reifyNode:node_modules/@firebase/performance-types Completed in 1427ms
515 http fetch GET 200 https://registry.npmjs.org/escalade/-/escalade-3.1.2.tgz 1250ms (cache miss)
516 http fetch GET 200 https://registry.npmjs.org/faye-websocket/-/faye-websocket-0.11.4.tgz 1246ms (cache miss)
517 http fetch GET 200 https://registry.npmjs.org/@firebase/messaging-interop-types/-/messaging-interop-types-0.2.2.tgz 1257ms (cache miss)
518 timing reifyNode:node_modules/@firebase/messaging-interop-types Completed in 1429ms
519 http fetch GET 200 https://registry.npmjs.org/lodash.camelcase/-/lodash.camelcase-4.3.0.tgz 1271ms (cache miss)
520 http fetch GET 200 https://registry.npmjs.org/@firebase/app-check-interop-types/-/app-check-interop-types-0.3.2.tgz 1279ms (cache miss)
521 timing reifyNode:node_modules/@firebase/app-check-interop-types Completed in 1462ms
522 http fetch GET 200 https://registry.npmjs.org/@firebase/auth-interop-types/-/auth-interop-types-0.2.3.tgz 1281ms (cache miss)
523 timing reifyNode:node_modules/@firebase/auth-interop-types Completed in 1464ms
524 http fetch GET 200 https://registry.npmjs.org/@firebase/database-types/-/database-types-1.0.4.tgz 1286ms (cache miss)
525 timing reifyNode:node_modules/@firebase/database-types Completed in 1466ms
526 timing reifyNode:node_modules/http-parser-js Completed in 1489ms
527 timing reifyNode:node_modules/yargs/node_modules/string-width Completed in 1488ms
528 timing reifyNode:node_modules/cliui/node_modules/string-width Completed in 1496ms
529 http fetch GET 200 https://registry.npmjs.org/@firebase/auth-types/-/auth-types-0.12.2.tgz 1304ms (cache miss)
530 timing reifyNode:node_modules/@firebase/auth-types Completed in 1490ms
531 http fetch GET 200 https://registry.npmjs.org/@firebase/app-check-types/-/app-check-types-0.5.2.tgz 1295ms (cache miss)
532 timing reifyNode:node_modules/@firebase/app-check-types Completed in 1490ms
533 http fetch GET 200 https://registry.npmjs.org/@firebase/functions-types/-/functions-types-0.6.2.tgz 1319ms (cache miss)
534 timing reifyNode:node_modules/@firebase/functions-types Completed in 1495ms
535 http fetch GET 200 https://registry.npmjs.org/@firebase/performance-compat/-/performance-compat-0.2.8.tgz 1265ms (cache miss)
536 timing reifyNode:node_modules/safe-buffer Completed in 1521ms
537 http fetch GET 200 https://registry.npmjs.org/@firebase/installations-compat/-/installations-compat-0.2.8.tgz 1271ms (cache miss)
538 timing reifyNode:node_modules/lodash.camelcase Completed in 1528ms
539 http fetch GET 200 https://registry.npmjs.org/@firebase/analytics-types/-/analytics-types-0.8.2.tgz 1339ms (cache miss)
540 timing reifyNode:node_modules/@firebase/analytics-types Completed in 1536ms
541 timing reifyNode:node_modules/get-caller-file Completed in 1557ms
542 http fetch GET 200 https://registry.npmjs.org/@firebase/app-check-compat/-/app-check-compat-0.3.13.tgz 1287ms (cache miss)
543 http fetch GET 200 https://registry.npmjs.org/@firebase/app-types/-/app-types-0.9.2.tgz 1293ms (cache miss)
544 timing reifyNode:node_modules/@protobufjs/codegen Completed in 1588ms
545 timing reifyNode:node_modules/@protobufjs/fetch Completed in 1589ms
546 timing reifyNode:node_modules/@firebase/app-types Completed in 1585ms
547 timing reifyNode:node_modules/@protobufjs/aspromise Completed in 1607ms
548 timing reifyNode:node_modules/@protobufjs/base64 Completed in 1608ms
549 timing reifyNode:node_modules/@protobufjs/path Completed in 1613ms
550 http fetch GET 200 https://registry.npmjs.org/@protobufjs/eventemitter/-/eventemitter-1.1.0.tgz 1477ms (cache miss)
551 timing reifyNode:node_modules/require-directory Completed in 1636ms
552 timing reifyNode:node_modules/@protobufjs/pool Completed in 1634ms
553 timing reifyNode:node_modules/@protobufjs/eventemitter Completed in 1650ms
554 timing reifyNode:node_modules/yargs/node_modules/emoji-regex Completed in 1705ms
555 timing reifyNode:node_modules/cliui/node_modules/emoji-regex Completed in 1713ms
556 timing reifyNode:node_modules/cliui Completed in 1756ms
557 timing reifyNode:node_modules/y18n Completed in 1777ms
558 http fetch GET 200 https://registry.npmjs.org/@protobufjs/float/-/float-1.0.2.tgz 1641ms (cache miss)
559 http fetch GET 200 https://registry.npmjs.org/long/-/long-5.2.3.tgz 1624ms (cache miss)
560 timing reifyNode:node_modules/escalade Completed in 1793ms
561 timing reifyNode:node_modules/@protobufjs/float Completed in 1820ms
562 timing reifyNode:node_modules/long Completed in 1821ms
563 http fetch GET 200 https://registry.npmjs.org/@protobufjs/inquire/-/inquire-1.1.0.tgz 1720ms (cache miss)
564 timing reifyNode:node_modules/@protobufjs/inquire Completed in 1891ms
565 http fetch GET 200 https://registry.npmjs.org/yargs-parser/-/yargs-parser-21.1.1.tgz 1790ms (cache miss)
566 http fetch GET 200 https://registry.npmjs.org/@protobufjs/utf8/-/utf8-1.1.0.tgz 1808ms (cache miss)
567 timing reifyNode:node_modules/@protobufjs/utf8 Completed in 1942ms
568 timing reifyNode:node_modules/yargs-parser Completed in 1952ms
569 http fetch GET 200 https://registry.npmjs.org/websocket-extensions/-/websocket-extensions-0.1.4.tgz 1822ms (cache miss)
570 timing reifyNode:node_modules/websocket-extensions Completed in 1969ms
571 timing reifyNode:node_modules/faye-websocket Completed in 1974ms
572 http fetch GET 200 https://registry.npmjs.org/@grpc/proto-loader/-/proto-loader-0.7.13.tgz 1813ms (cache miss)
573 timing reifyNode:node_modules/@grpc/proto-loader Completed in 2019ms
574 http fetch GET 200 https://registry.npmjs.org/@firebase/analytics-compat/-/analytics-compat-0.2.12.tgz 1978ms (cache miss)
575 http fetch GET 200 https://registry.npmjs.org/@firebase/logger/-/logger-0.4.2.tgz 2072ms (cache miss)
576 timing reifyNode:node_modules/@firebase/app-check-compat Completed in 2265ms
577 http fetch GET 200 https://registry.npmjs.org/websocket-driver/-/websocket-driver-0.7.4.tgz 2134ms (cache miss)
578 http fetch GET 200 https://registry.npmjs.org/@fastify/busboy/-/busboy-2.1.1.tgz 2170ms (cache miss)
579 timing reifyNode:node_modules/@firebase/analytics-compat Completed in 2286ms
580 timing reifyNode:node_modules/websocket-driver Completed in 2305ms
581 timing reifyNode:node_modules/@firebase/logger Completed in 2303ms
582 timing reifyNode:node_modules/@firebase/performance-compat Completed in 2307ms
583 timing reifyNode:node_modules/@fastify/busboy Completed in 2322ms
584 http fetch GET 200 https://registry.npmjs.org/@firebase/remote-config-compat/-/remote-config-compat-0.2.8.tgz 2094ms (cache miss)
585 http fetch GET 200 https://registry.npmjs.org/idb/-/idb-7.1.1.tgz 2139ms (cache miss)
586 timing reifyNode:node_modules/@firebase/installations-compat Completed in 2347ms
587 http fetch GET 200 https://registry.npmjs.org/@firebase/messaging-compat/-/messaging-compat-0.2.10.tgz 2093ms (cache miss)
588 timing reifyNode:node_modules/@firebase/remote-config-compat Completed in 2367ms
589 timing reifyNode:node_modules/idb Completed in 2376ms
590 timing reifyNode:node_modules/@firebase/messaging-compat Completed in 2388ms
591 http fetch GET 200 https://registry.npmjs.org/@firebase/functions-compat/-/functions-compat-0.3.12.tgz 2412ms (cache miss)
592 timing reifyNode:node_modules/@firebase/functions-compat Completed in 2685ms
593 http fetch GET 200 https://registry.npmjs.org/@firebase/webchannel-wrapper/-/webchannel-wrapper-1.0.1.tgz 2604ms (cache miss)
594 timing reifyNode:node_modules/@firebase/webchannel-wrapper Completed in 2929ms
595 http fetch GET 200 https://registry.npmjs.org/@firebase/component/-/component-0.6.8.tgz 2744ms (cache miss)
596 timing reifyNode:node_modules/@firebase/component Completed in 2981ms
597 http fetch GET 200 https://registry.npmjs.org/undici-types/-/undici-types-6.11.1.tgz 2954ms (cache miss)
598 http fetch GET 200 https://registry.npmjs.org/@firebase/storage-compat/-/storage-compat-0.3.9.tgz 2925ms (cache miss)
599 timing reifyNode:node_modules/undici-types Completed in 3177ms
600 timing reifyNode:node_modules/@firebase/storage-compat Completed in 3175ms
601 http fetch GET 200 https://registry.npmjs.org/@firebase/app-compat/-/app-compat-0.2.37.tgz 3436ms (cache miss)
602 timing reifyNode:node_modules/@firebase/app-compat Completed in 3729ms
603 http fetch GET 200 https://registry.npmjs.org/@firebase/functions/-/functions-0.11.6.tgz 3530ms (cache miss)
604 timing reifyNode:node_modules/@firebase/functions Completed in 3816ms
605 http fetch GET 200 https://registry.npmjs.org/yargs/-/yargs-17.7.2.tgz 4064ms (cache miss)
606 timing reifyNode:node_modules/yargs Completed in 4243ms
607 http fetch GET 200 https://registry.npmjs.org/@firebase/analytics/-/analytics-0.10.6.tgz 4024ms (cache miss)
608 timing reifyNode:node_modules/@firebase/analytics Completed in 4313ms
609 http fetch GET 200 https://registry.npmjs.org/@firebase/app/-/app-0.10.7.tgz 4056ms (cache miss)
610 timing reifyNode:node_modules/@firebase/app Completed in 4353ms
611 http fetch GET 200 https://registry.npmjs.org/@firebase/remote-config/-/remote-config-0.4.8.tgz 4312ms (cache miss)
612 timing reifyNode:node_modules/@firebase/remote-config Completed in 4588ms
613 http fetch GET 200 https://registry.npmjs.org/@firebase/app-check/-/app-check-0.8.6.tgz 4409ms (cache miss)
614 timing reifyNode:node_modules/@firebase/app-check Completed in 4728ms
615 http fetch GET 200 https://registry.npmjs.org/@firebase/auth-compat/-/auth-compat-0.5.10.tgz 4862ms (cache miss)
616 timing reifyNode:node_modules/@firebase/auth-compat Completed in 5144ms
617 http fetch GET 200 https://registry.npmjs.org/@firebase/performance/-/performance-0.6.8.tgz 4933ms (cache miss)
618 http fetch GET 200 https://registry.npmjs.org/@types/node/-/node-22.0.2.tgz 5032ms (cache miss)
619 timing reifyNode:node_modules/@firebase/performance Completed in 5280ms
620 timing reifyNode:node_modules/@types/node Completed in 5313ms
621 http fetch GET 200 https://registry.npmjs.org/@firebase/vertexai-preview/-/vertexai-preview-0.0.3.tgz 5219ms (cache miss)
622 timing reifyNode:node_modules/@firebase/vertexai-preview Completed in 5476ms
623 http fetch GET 200 https://registry.npmjs.org/@firebase/firestore-compat/-/firestore-compat-0.3.33.tgz 5278ms (cache miss)
624 timing reifyNode:node_modules/@firebase/firestore-compat Completed in 5548ms
625 http fetch GET 200 https://registry.npmjs.org/@firebase/util/-/util-1.9.7.tgz 5352ms (cache miss)
626 timing reifyNode:node_modules/@firebase/util Completed in 5606ms
627 http fetch GET 200 https://registry.npmjs.org/@firebase/database-compat/-/database-compat-1.0.6.tgz 5365ms (cache miss)
628 timing reifyNode:node_modules/@firebase/database-compat Completed in 5628ms
629 http fetch GET 200 https://registry.npmjs.org/@firebase/installations/-/installations-0.6.8.tgz 5643ms (cache miss)
630 timing reifyNode:node_modules/@firebase/installations Completed in 5931ms
631 http fetch GET 200 https://registry.npmjs.org/protobufjs/-/protobufjs-7.3.2.tgz 6057ms (cache miss)
632 timing reifyNode:node_modules/protobufjs Completed in 6213ms
633 http fetch GET 200 https://registry.npmjs.org/@firebase/messaging/-/messaging-0.12.10.tgz 6162ms (cache miss)
634 timing reifyNode:node_modules/@firebase/messaging Completed in 6420ms
635 http fetch GET 200 https://registry.npmjs.org/undici/-/undici-5.28.4.tgz 6553ms (cache miss)
636 http fetch GET 200 https://registry.npmjs.org/@firebase/storage/-/storage-0.12.6.tgz 6527ms (cache miss)
637 timing reifyNode:node_modules/undici Completed in 6744ms
638 timing reifyNode:node_modules/@firebase/storage Completed in 6755ms
639 http fetch GET 200 https://registry.npmjs.org/safevalues/-/safevalues-0.6.0.tgz 7485ms (cache miss)
640 timing reifyNode:node_modules/safevalues Completed in 7685ms
641 http fetch GET 200 https://registry.npmjs.org/@firebase/database/-/database-1.0.6.tgz 8708ms (cache miss)
642 timing reifyNode:node_modules/@firebase/database Completed in 8966ms
643 http fetch GET 200 https://registry.npmjs.org/@grpc/grpc-js/-/grpc-js-1.9.15.tgz 9401ms (cache miss)
644 timing reifyNode:node_modules/@grpc/grpc-js Completed in 9580ms
645 http fetch GET 200 https://registry.npmjs.org/@firebase/firestore/-/firestore-4.6.4.tgz 22178ms (cache miss)
646 timing reifyNode:node_modules/@firebase/firestore Completed in 22442ms
647 http fetch GET 200 https://registry.npmjs.org/firebase/-/firebase-10.12.4.tgz 31490ms (cache miss)
648 timing reifyNode:node_modules/firebase Completed in 31767ms
649 http fetch GET 200 https://registry.npmjs.org/@firebase/auth/-/auth-1.7.5.tgz 32566ms (cache miss)
650 timing reifyNode:node_modules/firebase/node_modules/@firebase/auth Completed in 32849ms
651 http fetch GET 200 https://registry.npmjs.org/@firebase/auth/-/auth-1.7.5.tgz 32685ms (cache miss)
652 timing reifyNode:node_modules/@firebase/auth-compat/node_modules/@firebase/auth Completed in 32965ms
653 timing reify:unpack Completed in 32987ms
654 timing reify:unretire Completed in 0ms
655 timing build:queue Completed in 16ms
656 timing build:link:node_modules/@grpc/proto-loader Completed in 16ms
657 timing build:link Completed in 16ms
658 info run protobufjs@7.3.2 postinstall node_modules/protobufjs node scripts/postinstall
659 info run protobufjs@7.3.2 postinstall { code: 0, signal: null }
660 timing build:run:postinstall:node_modules/protobufjs Completed in 342ms
661 timing build:run:postinstall Completed in 343ms
662 timing build:deps Completed in 377ms
663 timing build Completed in 378ms
664 timing reify:build Completed in 379ms
665 timing reify:trash Completed in 7ms
666 timing reify:save Completed in 531ms
667 timing reify Completed in 48840ms
668 silly ADD node_modules/yargs-parser
669 silly ADD node_modules/y18n
670 silly ADD node_modules/require-directory
671 silly ADD node_modules/get-caller-file
672 silly ADD node_modules/escalade
673 silly ADD node_modules/cliui
674 silly ADD node_modules/cliui/node_modules/emoji-regex
675 silly ADD node_modules/cliui/node_modules/wrap-ansi
676 silly ADD node_modules/cliui/node_modules/string-width
677 silly ADD node_modules/websocket-extensions
678 silly ADD node_modules/safe-buffer
679 silly ADD node_modules/http-parser-js
680 silly ADD node_modules/@fastify/busboy
681 silly ADD node_modules/@protobufjs/utf8
682 silly ADD node_modules/@protobufjs/pool
683 silly ADD node_modules/@protobufjs/path
684 silly ADD node_modules/@protobufjs/inquire
685 silly ADD node_modules/@protobufjs/float
686 silly ADD node_modules/@protobufjs/fetch
687 silly ADD node_modules/@protobufjs/eventemitter
688 silly ADD node_modules/@protobufjs/codegen
689 silly ADD node_modules/@protobufjs/base64
690 silly ADD node_modules/@protobufjs/aspromise
691 silly ADD node_modules/websocket-driver
692 silly ADD node_modules/undici-types
693 silly ADD node_modules/yargs
694 silly ADD node_modules/yargs/node_modules/emoji-regex
695 silly ADD node_modules/yargs/node_modules/string-width
696 silly ADD node_modules/protobufjs
697 silly ADD node_modules/long
698 silly ADD node_modules/lodash.camelcase
699 silly ADD node_modules/@types/node
700 silly ADD node_modules/@firebase/storage-types
701 silly ADD node_modules/@firebase/remote-config-types
702 silly ADD node_modules/@firebase/performance-types
703 silly ADD node_modules/@firebase/installations-types
704 silly ADD node_modules/@firebase/functions-types
705 silly ADD node_modules/@firebase/messaging-interop-types
706 silly ADD node_modules/@firebase/firestore-types
707 silly ADD node_modules/@grpc/proto-loader
708 silly ADD node_modules/@grpc/grpc-js
709 silly ADD node_modules/@firebase/webchannel-wrapper
710 silly ADD node_modules/@firebase/database-types
711 silly ADD node_modules/faye-websocket
712 silly ADD node_modules/@firebase/auth-interop-types
713 silly ADD node_modules/@firebase/app-check-interop-types
714 silly ADD node_modules/undici
715 silly ADD node_modules/@firebase/auth-types
716 silly ADD node_modules/@firebase/app-check-types
717 silly ADD node_modules/idb
718 silly ADD node_modules/@firebase/analytics-types
719 silly ADD node_modules/safevalues
720 silly ADD node_modules/@firebase/logger
721 silly ADD node_modules/@firebase/component
722 silly ADD node_modules/@firebase/vertexai-preview
723 silly ADD node_modules/@firebase/util
724 silly ADD node_modules/@firebase/storage-compat
725 silly ADD node_modules/@firebase/storage
726 silly ADD node_modules/@firebase/remote-config-compat
727 silly ADD node_modules/@firebase/remote-config
728 silly ADD node_modules/@firebase/performance-compat
729 silly ADD node_modules/@firebase/performance
730 silly ADD node_modules/@firebase/messaging-compat
731 silly ADD node_modules/@firebase/messaging
732 silly ADD node_modules/@firebase/installations-compat
733 silly ADD node_modules/@firebase/installations
734 silly ADD node_modules/@firebase/functions-compat
735 silly ADD node_modules/@firebase/functions
736 silly ADD node_modules/@firebase/firestore-compat
737 silly ADD node_modules/@firebase/firestore
738 silly ADD node_modules/@firebase/database-compat
739 silly ADD node_modules/@firebase/database
740 silly ADD node_modules/@firebase/auth-compat
741 silly ADD node_modules/@firebase/auth-compat/node_modules/@firebase/auth
742 silly ADD node_modules/@firebase/app-types
743 silly ADD node_modules/@firebase/app-check-compat
744 silly ADD node_modules/@firebase/app-check
745 silly ADD node_modules/@firebase/app-compat
746 silly ADD node_modules/@firebase/analytics-compat
747 silly ADD node_modules/@firebase/app
748 silly ADD node_modules/@firebase/analytics
749 silly ADD node_modules/firebase
750 silly ADD node_modules/firebase/node_modules/@firebase/auth
751 silly ADD
752 silly ADD
753 silly ADD
754 silly ADD
755 silly ADD
756 silly ADD
757 silly ADD
758 silly ADD
759 timing command:install Completed in 48880ms
760 verbose exit 0
761 timing npm Completed in 49910ms
762 info ok
